#
# There is insufficient memory for the Java Runtime Environment to continue.
# Native memory allocation (malloc) failed to allocate 72351744 bytes for committing reserved memory.
# Possible reasons:
#   The system is out of physical RAM or swap space
#   In 32 bit mode, the process size limit was hit
# Possible solutions:
#   Reduce memory load on the system
#   Increase physical memory or swap space
#   Check if swap backing store is full
#   Use 64 bit Java on a 64 bit OS
#   Decrease Java heap size (-Xmx/-Xms)
#   Decrease number of Java threads
#   Decrease Java thread stack sizes (-Xss)
#   Set larger code cache with -XX:ReservedCodeCacheSize=
# This output file may be truncated or incomplete.
#
#  Out of Memory Error (os_linux.cpp:2827), pid=6300, tid=139780876453632
#
# JRE version: OpenJDK Runtime Environment (7.0_95) (build 1.7.0_95-b00)
# Java VM: OpenJDK 64-Bit Server VM (24.95-b01 mixed mode linux-amd64 compressed oops)
# Derivative: IcedTea 2.6.4
# Distribution: Ubuntu 14.04 LTS, package 7u95-2.6.4-0ubuntu0.14.04.2
# Failed to write core dump. Core dumps have been disabled. To enable core dumping, try "ulimit -c unlimited" before starting Java again
#

---------------  T H R E A D  ---------------

Current thread (0x00007f2150076000):  VMThread [stack: 0x00007f21456cc000,0x00007f21457cd000] [id=6341]

Stack: [0x00007f21456cc000,0x00007f21457cd000],  sp=0x00007f21457cb490,  free space=1021k
Native frames: (J=compiled Java code, j=interpreted, Vv=VM code, C=native code)
V  [libjvm.so+0x953e15]
V  [libjvm.so+0x48fd94]
V  [libjvm.so+0x7cf87b]
V  [libjvm.so+0x7ca33f]
V  [libjvm.so+0x83dacb]
V  [libjvm.so+0x83e930]
V  [libjvm.so+0x83f01b]
V  [libjvm.so+0x83b258]
V  [libjvm.so+0x83bac8]
V  [libjvm.so+0x7f2083]
V  [libjvm.so+0x955814]
V  [libjvm.so+0x959917]
V  [libjvm.so+0x9583d8]
V  [libjvm.so+0x958839]
V  [libjvm.so+0x958c82]
V  [libjvm.so+0x7cc742]

VM_Operation (0x00007f2157f9f0d0): ParallelGCFailedAllocation, mode: safepoint, requested by thread 0x00007f215000a800


---------------  P R O C E S S  ---------------

Java Threads: ( => current thread )
  0x00007f21500ae800 JavaThread "Service Thread" daemon [_thread_blocked, id=6370, stack(0x00007f21449e4000,0x00007f2144ae5000)]
  0x00007f21500ac000 JavaThread "C2 CompilerThread1" daemon [_thread_blocked, id=6369, stack(0x00007f2144ae5000,0x00007f2144be6000)]
  0x00007f21500a9000 JavaThread "C2 CompilerThread0" daemon [_thread_blocked, id=6368, stack(0x00007f2144be6000,0x00007f2144ce7000)]
  0x00007f21500a7000 JavaThread "Signal Dispatcher" daemon [_thread_blocked, id=6367, stack(0x00007f2144ce7000,0x00007f2144de8000)]
  0x00007f215007c000 JavaThread "Finalizer" daemon [_thread_blocked, id=6347, stack(0x00007f21454ca000,0x00007f21455cb000)]
  0x00007f215007a000 JavaThread "Reference Handler" daemon [_thread_blocked, id=6346, stack(0x00007f21455cb000,0x00007f21456cc000)]
  0x00007f215000a800 JavaThread "main" [_thread_blocked, id=6320, stack(0x00007f2157ea0000,0x00007f2157fa1000)]

Other Threads:
=>0x00007f2150076000 VMThread [stack: 0x00007f21456cc000,0x00007f21457cd000] [id=6341]
  0x00007f21500b9000 WatcherThread [stack: 0x00007f21448e3000,0x00007f21449e4000] [id=6371]

VM state:at safepoint (normal execution)

VM Mutex/Monitor currently owned by a thread:  ([mutex/lock_event])
[0x00007f2150006950] Threads_lock - owner thread: 0x00007f2150076000
[0x00007f2150006e50] Heap_lock - owner thread: 0x00007f215000a800

Heap
 PSYoungGen      total 71680K, used 8692K [0x00000000eaa80000, 0x00000000ef980000, 0x0000000100000000)
  eden space 62976K, 0% used [0x00000000eaa80000,0x00000000eaa80000,0x00000000ee800000)
  from space 8704K, 99% used [0x00000000ee800000,0x00000000ef07d008,0x00000000ef080000)
  to   space 8192K, 0% used [0x00000000ef080000,0x00000000ef080000,0x00000000ef880000)
 ParOldGen       total 40960K, used 18672K [0x00000000c0000000, 0x00000000c2800000, 0x00000000eaa80000)
  object space 40960K, 45% used [0x00000000c0000000,0x00000000c123c2a0,0x00000000c2800000)
 PSPermGen       total 21504K, used 6454K [0x00000000b5a00000, 0x00000000b6f00000, 0x00000000c0000000)
  object space 21504K, 30% used [0x00000000b5a00000,0x00000000b604dae8,0x00000000b6f00000)

Card table byte_map: [0x00007f2154880000,0x00007f2154ad4000] byte_map_base: 0x00007f21542d3000

Polling page: 0x00007f2157fbd000

Code Cache  [0x00007f214d000000, 0x00007f214d270000, 0x00007f2150000000)
 total_blobs=660 nmethods=429 adapters=184 free_code_cache=47298Kb largest_free_block=48402432

Compilation events (10 events):
Event: 24.482 Thread 0x00007f21500ac000 nmethod 433 0x00007f214d100a90 code [0x00007f214d100ca0, 0x00007f214d101810]
Event: 24.483 Thread 0x00007f21500ac000  436             com.android.dx.rop.code.Rops::ropFor (771 bytes)
Event: 24.491 Thread 0x00007f21500a9000 nmethod 435 0x00007f214d1bdb10 code [0x00007f214d1bdc80, 0x00007f214d1bdf98]
Event: 24.491 Thread 0x00007f21500a9000  437             com.android.dx.cf.iface.StdAttributeList::get (9 bytes)
Event: 24.493 Thread 0x00007f21500a9000 nmethod 437 0x00007f214d100710 code [0x00007f214d100860, 0x00007f214d100958]
Event: 24.493 Thread 0x00007f21500a9000  438             com.android.dx.rop.type.Prototype::makeParameterArray (131 bytes)
Event: 24.522 Thread 0x00007f21500a9000 nmethod 438 0x00007f214d1a2710 code [0x00007f214d1a2880, 0x00007f214d1a2db8]
Event: 24.522 Thread 0x00007f21500a9000  439             java.util.Arrays::copyOfRange (63 bytes)
Event: 24.527 Thread 0x00007f21500a9000 nmethod 439 0x00007f214d1d6b50 code [0x00007f214d1d6ca0, 0x00007f214d1d6eb8]
Event: 24.528 Thread 0x00007f21500a9000  440   !         com.android.dx.cf.cst.ConstantPoolParser::parse0 (731 bytes)

GC Heap History (10 events):
Event: 3.037 GC heap after
Heap after GC invocations=2 (full 0):
 PSYoungGen      total 18432K, used 2541K [0x00000000eaa80000, 0x00000000ece80000, 0x0000000100000000)
  eden space 15872K, 0% used [0x00000000eaa80000,0x00000000eaa80000,0x00000000eba00000)
  from space 2560K, 99% used [0x00000000ebc80000,0x00000000ebefb500,0x00000000ebf00000)
  to   space 2560K, 0% used [0x00000000eba00000,0x00000000eba00000,0x00000000ebc80000)
 ParOldGen       total 40960K, used 2916K [0x00000000c0000000, 0x00000000c2800000, 0x00000000eaa80000)
  object space 40960K, 7% used [0x00000000c0000000,0x00000000c02d9020,0x00000000c2800000)
 PSPermGen       total 21504K, used 6057K [0x00000000b5a00000, 0x00000000b6f00000, 0x00000000c0000000)
  object space 21504K, 28% used [0x00000000b5a00000,0x00000000b5fea560,0x00000000b6f00000)
}
Event: 4.472 GC heap before
{Heap before GC invocations=3 (full 0):
 PSYoungGen      total 18432K, used 18413K [0x00000000eaa80000, 0x00000000ece80000, 0x0000000100000000)
  eden space 15872K, 100% used [0x00000000eaa80000,0x00000000eba00000,0x00000000eba00000)
  from space 2560K, 99% used [0x00000000ebc80000,0x00000000ebefb500,0x00000000ebf00000)
  to   space 2560K, 0% used [0x00000000eba00000,0x00000000eba00000,0x00000000ebc80000)
 ParOldGen       total 40960K, used 2916K [0x00000000c0000000, 0x00000000c2800000, 0x00000000eaa80000)
  object space 40960K, 7% used [0x00000000c0000000,0x00000000c02d9020,0x00000000c2800000)
 PSPermGen       total 21504K, used 6112K [0x00000000b5a00000, 0x00000000b6f00000, 0x00000000c0000000)
  object space 21504K, 28% used [0x00000000b5a00000,0x00000000b5ff8180,0x00000000b6f00000)
Event: 4.494 GC heap after
Heap after GC invocations=3 (full 0):
 PSYoungGen      total 18432K, used 2528K [0x00000000eaa80000, 0x00000000ece80000, 0x0000000100000000)
  eden space 15872K, 0% used [0x00000000eaa80000,0x00000000eaa80000,0x00000000eba00000)
  from space 2560K, 98% used [0x00000000eba00000,0x00000000ebc78120,0x00000000ebc80000)
  to   space 2560K, 0% used [0x00000000ecc00000,0x00000000ecc00000,0x00000000ece80000)
 ParOldGen       total 40960K, used 5549K [0x00000000c0000000, 0x00000000c2800000, 0x00000000eaa80000)
  object space 40960K, 13% used [0x00000000c0000000,0x00000000c056b768,0x00000000c2800000)
 PSPermGen       total 21504K, used 6112K [0x00000000b5a00000, 0x00000000b6f00000, 0x00000000c0000000)
  object space 21504K, 28% used [0x00000000b5a00000,0x00000000b5ff8180,0x00000000b6f00000)
}
Event: 5.887 GC heap before
{Heap before GC invocations=4 (full 0):
 PSYoungGen      total 18432K, used 18400K [0x00000000eaa80000, 0x00000000ece80000, 0x0000000100000000)
  eden space 15872K, 100% used [0x00000000eaa80000,0x00000000eba00000,0x00000000eba00000)
  from space 2560K, 98% used [0x00000000eba00000,0x00000000ebc78120,0x00000000ebc80000)
  to   space 2560K, 0% used [0x00000000ecc00000,0x00000000ecc00000,0x00000000ece80000)
 ParOldGen       total 40960K, used 5549K [0x00000000c0000000, 0x00000000c2800000, 0x00000000eaa80000)
  object space 40960K, 13% used [0x00000000c0000000,0x00000000c056b768,0x00000000c2800000)
 PSPermGen       total 21504K, used 6183K [0x00000000b5a00000, 0x00000000b6f00000, 0x00000000c0000000)
  object space 21504K, 28% used [0x00000000b5a00000,0x00000000b6009df0,0x00000000b6f00000)
Event: 5.966 GC heap after
Heap after GC invocations=4 (full 0):
 PSYoungGen      total 34304K, used 2557K [0x00000000eaa80000, 0x00000000ece80000, 0x0000000100000000)
  eden space 31744K, 0% used [0x00000000eaa80000,0x00000000eaa80000,0x00000000ec980000)
  from space 2560K, 99% used [0x00000000ecc00000,0x00000000ece7f6e8,0x00000000ece80000)
  to   space 2560K, 0% used [0x00000000ec980000,0x00000000ec980000,0x00000000ecc00000)
 ParOldGen       total 40960K, used 8591K [0x00000000c0000000, 0x00000000c2800000, 0x00000000eaa80000)
  object space 40960K, 20% used [0x00000000c0000000,0x00000000c0863e48,0x00000000c2800000)
 PSPermGen       total 21504K, used 6183K [0x00000000b5a00000, 0x00000000b6f00000, 0x00000000c0000000)
  object space 21504K, 28% used [0x00000000b5a00000,0x00000000b6009df0,0x00000000b6f00000)
}
Event: 8.681 GC heap before
{Heap before GC invocations=5 (full 0):
 PSYoungGen      total 34304K, used 34301K [0x00000000eaa80000, 0x00000000ece80000, 0x0000000100000000)
  eden space 31744K, 100% used [0x00000000eaa80000,0x00000000ec980000,0x00000000ec980000)
  from space 2560K, 99% used [0x00000000ecc00000,0x00000000ece7f6e8,0x00000000ece80000)
  to   space 2560K, 0% used [0x00000000ec980000,0x00000000ec980000,0x00000000ecc00000)
 ParOldGen       total 40960K, used 8591K [0x00000000c0000000, 0x00000000c2800000, 0x00000000eaa80000)
  object space 40960K, 20% used [0x00000000c0000000,0x00000000c0863e48,0x00000000c2800000)
 PSPermGen       total 21504K, used 6217K [0x00000000b5a00000, 0x00000000b6f00000, 0x00000000c0000000)
  object space 21504K, 28% used [0x00000000b5a00000,0x00000000b60127e8,0x00000000b6f00000)
Event: 8.774 GC heap after
Heap after GC invocations=5 (full 0):
 PSYoungGen      total 34304K, used 2529K [0x00000000eaa80000, 0x00000000ef880000, 0x0000000100000000)
  eden space 31744K, 0% used [0x00000000eaa80000,0x00000000eaa80000,0x00000000ec980000)
  from space 2560K, 98% used [0x00000000ec980000,0x00000000ecbf8688,0x00000000ecc00000)
  to   space 8192K, 0% used [0x00000000ef080000,0x00000000ef080000,0x00000000ef880000)
 ParOldGen       total 40960K, used 13506K [0x00000000c0000000, 0x00000000c2800000, 0x00000000eaa80000)
  object space 40960K, 32% used [0x00000000c0000000,0x00000000c0d30920,0x00000000c2800000)
 PSPermGen       total 21504K, used 6217K [0x00000000b5a00000, 0x00000000b6f00000, 0x00000000c0000000)
  object space 21504K, 28% used [0x00000000b5a00000,0x00000000b60127e8,0x00000000b6f00000)
}
Event: 11.273 GC heap before
{Heap before GC invocations=6 (full 0):
 PSYoungGen      total 34304K, used 34273K [0x00000000eaa80000, 0x00000000ef880000, 0x0000000100000000)
  eden space 31744K, 100% used [0x00000000eaa80000,0x00000000ec980000,0x00000000ec980000)
  from space 2560K, 98% used [0x00000000ec980000,0x00000000ecbf8688,0x00000000ecc00000)
  to   space 8192K, 0% used [0x00000000ef080000,0x00000000ef080000,0x00000000ef880000)
 ParOldGen       total 40960K, used 13506K [0x00000000c0000000, 0x00000000c2800000, 0x00000000eaa80000)
  object space 40960K, 32% used [0x00000000c0000000,0x00000000c0d30920,0x00000000c2800000)
 PSPermGen       total 21504K, used 6232K [0x00000000b5a00000, 0x00000000b6f00000, 0x00000000c0000000)
  object space 21504K, 28% used [0x00000000b5a00000,0x00000000b6016060,0x00000000b6f00000)
Event: 11.354 GC heap after
Heap after GC invocations=6 (full 0):
 PSYoungGen      total 71168K, used 7672K [0x00000000eaa80000, 0x00000000ef980000, 0x0000000100000000)
  eden space 62976K, 0% used [0x00000000eaa80000,0x00000000eaa80000,0x00000000ee800000)
  from space 8192K, 93% used [0x00000000ef080000,0x00000000ef7fe038,0x00000000ef880000)
  to   space 8704K, 0% used [0x00000000ee800000,0x00000000ee800000,0x00000000ef080000)
 ParOldGen       total 40960K, used 13506K [0x00000000c0000000, 0x00000000c2800000, 0x00000000eaa80000)
  object space 40960K, 32% used [0x00000000c0000000,0x00000000c0d30920,0x00000000c2800000)
 PSPermGen       total 21504K, used 6232K [0x00000000b5a00000, 0x00000000b6f00000, 0x00000000c0000000)
  object space 21504K, 28% used [0x00000000b5a00000,0x00000000b6016060,0x00000000b6f00000)
}
Event: 24.529 GC heap before
{Heap before GC invocations=7 (full 0):
 PSYoungGen      total 71168K, used 70648K [0x00000000eaa80000, 0x00000000ef980000, 0x0000000100000000)
  eden space 62976K, 100% used [0x00000000eaa80000,0x00000000ee800000,0x00000000ee800000)
  from space 8192K, 93% used [0x00000000ef080000,0x00000000ef7fe038,0x00000000ef880000)
  to   space 8704K, 0% used [0x00000000ee800000,0x00000000ee800000,0x00000000ef080000)
 ParOldGen       total 40960K, used 13506K [0x00000000c0000000, 0x00000000c2800000, 0x00000000eaa80000)
  object space 40960K, 32% used [0x00000000c0000000,0x00000000c0d30920,0x00000000c2800000)
 PSPermGen       total 21504K, used 6454K [0x00000000b5a00000, 0x00000000b6f00000, 0x00000000c0000000)
  object space 21504K, 30% used [0x00000000b5a00000,0x00000000b604dae8,0x00000000b6f00000)

Deoptimization events (10 events):
Event: 22.091 Thread 0x00007f215000a800 Uncommon trap: reason=unstable_if action=reinterpret pc=0x00007f214d1324d4 method=com.android.dx.rop.code.RegisterSpecSet.equals(Ljava/lang/Object;)Z @ 30
Event: 23.567 Thread 0x00007f215000a800 Uncommon trap: reason=class_check action=maybe_recompile pc=0x00007f214d0aa60c method=com.android.dx.util.FixedSizeList.equals(Ljava/lang/Object;)Z @ 25
Event: 23.567 Thread 0x00007f215000a800 Uncommon trap: reason=class_check action=maybe_recompile pc=0x00007f214d0a4a78 method=java.util.Arrays.equals([Ljava/lang/Object;[Ljava/lang/Object;)Z @ 62
Event: 23.567 Thread 0x00007f215000a800 Uncommon trap: reason=class_check action=maybe_recompile pc=0x00007f214d0aa60c method=com.android.dx.util.FixedSizeList.equals(Ljava/lang/Object;)Z @ 25
Event: 23.567 Thread 0x00007f215000a800 Uncommon trap: reason=class_check action=maybe_recompile pc=0x00007f214d0a4a78 method=java.util.Arrays.equals([Ljava/lang/Object;[Ljava/lang/Object;)Z @ 62
Event: 23.567 Thread 0x00007f215000a800 Uncommon trap: reason=class_check action=maybe_recompile pc=0x00007f214d0aa60c method=com.android.dx.util.FixedSizeList.equals(Ljava/lang/Object;)Z @ 25
Event: 23.567 Thread 0x00007f215000a800 Uncommon trap: reason=class_check action=maybe_recompile pc=0x00007f214d0a4a78 method=java.util.Arrays.equals([Ljava/lang/Object;[Ljava/lang/Object;)Z @ 62
Event: 23.567 Thread 0x00007f215000a800 Uncommon trap: reason=class_check action=maybe_recompile pc=0x00007f214d0aa60c method=com.android.dx.util.FixedSizeList.equals(Ljava/lang/Object;)Z @ 25
Event: 23.567 Thread 0x00007f215000a800 Uncommon trap: reason=class_check action=maybe_recompile pc=0x00007f214d0a4a78 method=java.util.Arrays.equals([Ljava/lang/Object;[Ljava/lang/Object;)Z @ 62
Event: 24.441 Thread 0x00007f215000a800 Uncommon trap: reason=unstable_if action=reinterpret pc=0x00007f214d0fc46c method=java.util.TreeMap.put(Ljava/lang/Object;Ljava/lang/Object;)Ljava/lang/Object; @ 163

Internal exceptions (10 events):
Event: 21.641 Thread 0x00007f215000a800 Threw 0x00000000ee4b6668 at /build/openjdk-7-HVzwJZ/openjdk-7-7u95-2.6.4/build/openjdk/hotspot/src/share/vm/prims/jvm.cpp:1322
Event: 21.642 Thread 0x00007f215000a800 Threw 0x00000000ee4bc130 at /build/openjdk-7-HVzwJZ/openjdk-7-7u95-2.6.4/build/openjdk/hotspot/src/share/vm/prims/jvm.cpp:1322
Event: 21.643 Thread 0x00007f215000a800 Threw 0x00000000ee4c2fe8 at /build/openjdk-7-HVzwJZ/openjdk-7-7u95-2.6.4/build/openjdk/hotspot/src/share/vm/prims/jvm.cpp:1322
Event: 21.643 Thread 0x00007f215000a800 Threw 0x00000000ee4c6710 at /build/openjdk-7-HVzwJZ/openjdk-7-7u95-2.6.4/build/openjdk/hotspot/src/share/vm/prims/jvm.cpp:1322
Event: 21.644 Thread 0x00007f215000a800 Threw 0x00000000ee4cbd98 at /build/openjdk-7-HVzwJZ/openjdk-7-7u95-2.6.4/build/openjdk/hotspot/src/share/vm/prims/jvm.cpp:1322
Event: 21.678 Thread 0x00007f215000a800 Threw 0x00000000ee4d0b80 at /build/openjdk-7-HVzwJZ/openjdk-7-7u95-2.6.4/build/openjdk/hotspot/src/share/vm/prims/jvm.cpp:1322
Event: 22.130 Thread 0x00007f215000a800 Threw 0x00000000ee5356b0 at /build/openjdk-7-HVzwJZ/openjdk-7-7u95-2.6.4/build/openjdk/hotspot/src/share/vm/prims/jvm.cpp:1322
Event: 23.508 Thread 0x00007f215000a800 Threw 0x00000000ee6d2670 at /build/openjdk-7-HVzwJZ/openjdk-7-7u95-2.6.4/build/openjdk/hotspot/src/share/vm/prims/jvm.cpp:1322
Event: 23.568 Thread 0x00007f215000a800 Threw 0x00000000ee6d61e8 at /build/openjdk-7-HVzwJZ/openjdk-7-7u95-2.6.4/build/openjdk/hotspot/src/share/vm/prims/jvm.cpp:1322
Event: 23.623 Thread 0x00007f215000a800 Threw 0x00000000ee6d9c80 at /build/openjdk-7-HVzwJZ/openjdk-7-7u95-2.6.4/build/openjdk/hotspot/src/share/vm/prims/jvm.cpp:1322

Events (10 events):
Event: 23.567 Thread 0x00007f215000a800 DEOPT PACKING pc=0x00007f214d0a4a78 sp=0x00007f2157f9f1b0
Event: 23.567 Thread 0x00007f215000a800 DEOPT UNPACKING pc=0x00007f214d039445 sp=0x00007f2157f9f170 mode 2
Event: 23.567 loading class 0x00007f21501cb010
Event: 23.567 loading class 0x00007f21501cb010 done
Event: 23.623 loading class 0x00007f2150119ea0
Event: 23.623 loading class 0x00007f2150119ea0 done
Event: 24.441 Thread 0x00007f215000a800 Uncommon trap: trap_request=0xffffff75 fr.pc=0x00007f214d0fc46c
Event: 24.441 Thread 0x00007f215000a800 DEOPT PACKING pc=0x00007f214d0fc46c sp=0x00007f2157f9f440
Event: 24.441 Thread 0x00007f215000a800 DEOPT UNPACKING pc=0x00007f214d039445 sp=0x00007f2157f9f400 mode 2
Event: 24.529 Executing VM operation: ParallelGCFailedAllocation


Dynamic libraries:
00400000-00401000 r-xp 00000000 08:05 4592440                            /usr/lib/jvm/java-7-openjdk-amd64/jre/bin/java
00600000-00601000 r--p 00000000 08:05 4592440                            /usr/lib/jvm/java-7-openjdk-amd64/jre/bin/java
00601000-00602000 rw-p 00001000 08:05 4592440                            /usr/lib/jvm/java-7-openjdk-amd64/jre/bin/java
00769000-0078a000 rw-p 00000000 00:00 0                                  [heap]
b5a00000-b6f00000 rw-p 00000000 00:00 0 
b6f00000-c0000000 rw-p 00000000 00:00 0 
c0000000-c2800000 rw-p 00000000 00:00 0 
c2800000-eaa80000 rw-p 00000000 00:00 0 
eaa80000-ef980000 rw-p 00000000 00:00 0 
f3e80000-100000000 rw-p 00000000 00:00 0 
7f2100000000-7f2100022000 rw-p 00000000 00:00 0 
7f2100022000-7f2104000000 ---p 00000000 00:00 0 
7f2104000000-7f2104021000 rw-p 00000000 00:00 0 
7f2104021000-7f2108000000 ---p 00000000 00:00 0 
7f2108000000-7f2108021000 rw-p 00000000 00:00 0 
7f2108021000-7f210c000000 ---p 00000000 00:00 0 
7f210c000000-7f210c03a000 rw-p 00000000 00:00 0 
7f210c03a000-7f2110000000 ---p 00000000 00:00 0 
7f2110000000-7f2110021000 rw-p 00000000 00:00 0 
7f2110021000-7f2114000000 ---p 00000000 00:00 0 
7f2114000000-7f2114029000 rw-p 00000000 00:00 0 
7f2114029000-7f2118000000 ---p 00000000 00:00 0 
7f2118000000-7f2119b81000 rw-p 00000000 00:00 0 
7f2119b81000-7f211c000000 ---p 00000000 00:00 0 
7f211c000000-7f211c021000 rw-p 00000000 00:00 0 
7f211c021000-7f2120000000 ---p 00000000 00:00 0 
7f2120000000-7f2120021000 rw-p 00000000 00:00 0 
7f2120021000-7f2124000000 ---p 00000000 00:00 0 
7f2124000000-7f21254ed000 rw-p 00000000 00:00 0 
7f21254ed000-7f2128000000 ---p 00000000 00:00 0 
7f2128000000-7f2128021000 rw-p 00000000 00:00 0 
7f2128021000-7f212c000000 ---p 00000000 00:00 0 
7f212c000000-7f212c021000 rw-p 00000000 00:00 0 
7f212c021000-7f2130000000 ---p 00000000 00:00 0 
7f2130000000-7f2130021000 rw-p 00000000 00:00 0 
7f2130021000-7f2134000000 ---p 00000000 00:00 0 
7f2134000000-7f2134021000 rw-p 00000000 00:00 0 
7f2134021000-7f2138000000 ---p 00000000 00:00 0 
7f2138000000-7f2138021000 rw-p 00000000 00:00 0 
7f2138021000-7f213c000000 ---p 00000000 00:00 0 
7f213ec1b000-7f213ec1e000 ---p 00000000 00:00 0 
7f213ec1e000-7f213ed1c000 rw-p 00000000 00:00 0 
7f213ed1c000-7f213ed1f000 ---p 00000000 00:00 0 
7f213ed1f000-7f213ee1d000 rw-p 00000000 00:00 0 
7f213ee1d000-7f213ee20000 ---p 00000000 00:00 0 
7f213ee20000-7f213ef1e000 rw-p 00000000 00:00 0 
7f213ef1e000-7f213ef21000 ---p 00000000 00:00 0 
7f213ef21000-7f213f01f000 rw-p 00000000 00:00 0 
7f213f01f000-7f213f05c000 r-xp 00000000 08:05 135945                     /lib/x86_64-linux-gnu/libpcre.so.3.13.1
7f213f05c000-7f213f25b000 ---p 0003d000 08:05 135945                     /lib/x86_64-linux-gnu/libpcre.so.3.13.1
7f213f25b000-7f213f25c000 r--p 0003c000 08:05 135945                     /lib/x86_64-linux-gnu/libpcre.so.3.13.1
7f213f25c000-7f213f25d000 rw-p 0003d000 08:05 135945                     /lib/x86_64-linux-gnu/libpcre.so.3.13.1
7f213f25d000-7f213f264000 r-xp 00000000 08:05 4456827                    /usr/lib/x86_64-linux-gnu/libffi.so.6.0.1
7f213f264000-7f213f463000 ---p 00007000 08:05 4456827                    /usr/lib/x86_64-linux-gnu/libffi.so.6.0.1
7f213f463000-7f213f464000 r--p 00006000 08:05 4456827                    /usr/lib/x86_64-linux-gnu/libffi.so.6.0.1
7f213f464000-7f213f465000 rw-p 00007000 08:05 4456827                    /usr/lib/x86_64-linux-gnu/libffi.so.6.0.1
7f213f465000-7f213f47c000 r-xp 00000000 08:05 135289                     /lib/x86_64-linux-gnu/libresolv-2.19.so
7f213f47c000-7f213f67c000 ---p 00017000 08:05 135289                     /lib/x86_64-linux-gnu/libresolv-2.19.so
7f213f67c000-7f213f67d000 r--p 00017000 08:05 135289                     /lib/x86_64-linux-gnu/libresolv-2.19.so
7f213f67d000-7f213f67e000 rw-p 00018000 08:05 135289                     /lib/x86_64-linux-gnu/libresolv-2.19.so
7f213f67e000-7f213f680000 rw-p 00000000 00:00 0 
7f213f680000-7f213f6a0000 r-xp 00000000 08:05 135455                     /lib/x86_64-linux-gnu/libselinux.so.1
7f213f6a0000-7f213f89f000 ---p 00020000 08:05 135455                     /lib/x86_64-linux-gnu/libselinux.so.1
7f213f89f000-7f213f8a0000 r--p 0001f000 08:05 135455                     /lib/x86_64-linux-gnu/libselinux.so.1
7f213f8a0000-7f213f8a1000 rw-p 00020000 08:05 135455                     /lib/x86_64-linux-gnu/libselinux.so.1
7f213f8a1000-7f213f8a3000 rw-p 00000000 00:00 0 
7f213f8a3000-7f213f8a6000 r-xp 00000000 08:05 4465122                    /usr/lib/x86_64-linux-gnu/libgmodule-2.0.so.0.4002.0
7f213f8a6000-7f213faa5000 ---p 00003000 08:05 4465122                    /usr/lib/x86_64-linux-gnu/libgmodule-2.0.so.0.4002.0
7f213faa5000-7f213faa6000 r--p 00002000 08:05 4465122                    /usr/lib/x86_64-linux-gnu/libgmodule-2.0.so.0.4002.0
7f213faa6000-7f213faa7000 rw-p 00003000 08:05 4465122                    /usr/lib/x86_64-linux-gnu/libgmodule-2.0.so.0.4002.0
7f213faa7000-7f213fbad000 r-xp 00000000 08:05 135356                     /lib/x86_64-linux-gnu/libglib-2.0.so.0.4002.0
7f213fbad000-7f213fdac000 ---p 00106000 08:05 135356                     /lib/x86_64-linux-gnu/libglib-2.0.so.0.4002.0
7f213fdac000-7f213fdad000 r--p 00105000 08:05 135356                     /lib/x86_64-linux-gnu/libglib-2.0.so.0.4002.0
7f213fdad000-7f213fdae000 rw-p 00106000 08:05 135356                     /lib/x86_64-linux-gnu/libglib-2.0.so.0.4002.0
7f213fdae000-7f213fdaf000 rw-p 00000000 00:00 0 
7f213fdaf000-7f213fdfe000 r-xp 00000000 08:05 4465138                    /usr/lib/x86_64-linux-gnu/libgobject-2.0.so.0.4002.0
7f213fdfe000-7f213fffe000 ---p 0004f000 08:05 4465138                    /usr/lib/x86_64-linux-gnu/libgobject-2.0.so.0.4002.0
7f213fffe000-7f213ffff000 r--p 0004f000 08:05 4465138                    /usr/lib/x86_64-linux-gnu/libgobject-2.0.so.0.4002.0
7f213ffff000-7f2140000000 rw-p 00050000 08:05 4465138                    /usr/lib/x86_64-linux-gnu/libgobject-2.0.so.0.4002.0
7f2140000000-7f2140021000 rw-p 00000000 00:00 0 
7f2140021000-7f2144000000 ---p 00000000 00:00 0 
7f2144045000-7f2144048000 ---p 00000000 00:00 0 
7f2144048000-7f2144146000 rw-p 00000000 00:00 0 
7f2144146000-7f21442b2000 r-xp 00000000 08:05 4465110                    /usr/lib/x86_64-linux-gnu/libgio-2.0.so.0.4002.0
7f21442b2000-7f21444b1000 ---p 0016c000 08:05 4465110                    /usr/lib/x86_64-linux-gnu/libgio-2.0.so.0.4002.0
7f21444b1000-7f21444b5000 r--p 0016b000 08:05 4465110                    /usr/lib/x86_64-linux-gnu/libgio-2.0.so.0.4002.0
7f21444b5000-7f21444b7000 rw-p 0016f000 08:05 4465110                    /usr/lib/x86_64-linux-gnu/libgio-2.0.so.0.4002.0
7f21444b7000-7f21444b9000 rw-p 00000000 00:00 0 
7f21444b9000-7f21444d0000 r-xp 00000000 08:05 4598265                    /usr/lib/jvm/java-7-openjdk-amd64/jre/lib/amd64/libnet.so
7f21444d0000-7f21446cf000 ---p 00017000 08:05 4598265                    /usr/lib/jvm/java-7-openjdk-amd64/jre/lib/amd64/libnet.so
7f21446cf000-7f21446d0000 r--p 00016000 08:05 4598265                    /usr/lib/jvm/java-7-openjdk-amd64/jre/lib/amd64/libnet.so
7f21446d0000-7f21446d1000 rw-p 00017000 08:05 4598265                    /usr/lib/jvm/java-7-openjdk-amd64/jre/lib/amd64/libnet.so
7f21446d1000-7f21446e1000 r-xp 00000000 08:05 4598286                    /usr/lib/jvm/java-7-openjdk-amd64/jre/lib/amd64/libnio.so
7f21446e1000-7f21448e1000 ---p 00010000 08:05 4598286                    /usr/lib/jvm/java-7-openjdk-amd64/jre/lib/amd64/libnio.so
7f21448e1000-7f21448e2000 r--p 00010000 08:05 4598286                    /usr/lib/jvm/java-7-openjdk-amd64/jre/lib/amd64/libnio.so
7f21448e2000-7f21448e3000 rw-p 00011000 08:05 4598286                    /usr/lib/jvm/java-7-openjdk-amd64/jre/lib/amd64/libnio.so
7f21448e3000-7f21448e4000 ---p 00000000 00:00 0 
7f21448e4000-7f21449e4000 rw-p 00000000 00:00 0                          [stack:6371]
7f21449e4000-7f21449e7000 ---p 00000000 00:00 0 
7f21449e7000-7f2144ae5000 rw-p 00000000 00:00 0                          [stack:6370]
7f2144ae5000-7f2144ae8000 ---p 00000000 00:00 0 
7f2144ae8000-7f2144be6000 rw-p 00000000 00:00 0                          [stack:6369]
7f2144be6000-7f2144be9000 ---p 00000000 00:00 0 
7f2144be9000-7f2144ce7000 rw-p 00000000 00:00 0                          [stack:6368]
7f2144ce7000-7f2144cea000 ---p 00000000 00:00 0 
7f2144cea000-7f2144de8000 rw-p 00000000 00:00 0                          [stack:6367]
7f2144de8000-7f21454ca000 r--p 00000000 08:05 4463641                    /usr/lib/locale/locale-archive
7f21454ca000-7f21454cd000 ---p 00000000 00:00 0 
7f21454cd000-7f21455cb000 rw-p 00000000 00:00 0                          [stack:6347]
7f21455cb000-7f21455ce000 ---p 00000000 00:00 0 
7f21455ce000-7f21456cc000 rw-p 00000000 00:00 0                          [stack:6346]
7f21456cc000-7f21456cd000 ---p 00000000 00:00 0 
7f21456cd000-7f2148000000 rw-p 00000000 00:00 0                          [stack:6341]
7f2148000000-7f2148021000 rw-p 00000000 00:00 0 
7f2148021000-7f214c000000 ---p 00000000 00:00 0 
7f214c080000-7f214c0b1000 rw-p 00000000 00:00 0 
7f214c0cd000-7f214cd7e000 rw-p 00000000 00:00 0 
7f214cd7e000-7f214cf2f000 r--s 01d30000 08:05 4598299                    /usr/lib/jvm/java-7-openjdk-amd64/jre/lib/rt.jar
7f214cf2f000-7f214d000000 rw-p 00000000 00:00 0 
7f214d000000-7f214d270000 rwxp 00000000 00:00 0 
7f214d270000-7f2150200000 rw-p 00000000 00:00 0 
7f2150200000-7f2154000000 ---p 00000000 00:00 0 
7f2154000000-7f215400f000 r--s 000df000 00:1a 3017084                    /home/shaiban/Android development/Android/Sdk/build-tools/23.0.2/lib/dx.jar
7f215400f000-7f21542d3000 rw-p 00000000 00:00 0 
7f21542d3000-7f21542d4000 ---p 00000000 00:00 0 
7f21542d4000-7f21543d4000 rw-p 00000000 00:00 0                          [stack:6331]
7f21543d4000-7f21543d5000 ---p 00000000 00:00 0 
7f21543d5000-7f21544d5000 rw-p 00000000 00:00 0                          [stack:6328]
7f21544d5000-7f21544d6000 ---p 00000000 00:00 0 
7f21544d6000-7f21545d6000 rw-p 00000000 00:00 0                          [stack:6327]
7f21545d6000-7f21545d7000 ---p 00000000 00:00 0 
7f21545d7000-7f21546e2000 rw-p 00000000 00:00 0                          [stack:6325]
7f21546e2000-7f215472a000 rw-p 00000000 00:00 0 
7f215472a000-7f215473e000 rw-p 00000000 00:00 0 
7f215473e000-7f2154880000 rw-p 00000000 00:00 0 
7f2154880000-7f215488b000 rw-p 00000000 00:00 0 
7f215488b000-7f21548d3000 rw-p 00000000 00:00 0 
7f21548d3000-7f21548e7000 rw-p 00000000 00:00 0 
7f21548e7000-7f2154a28000 rw-p 00000000 00:00 0 
7f2154a28000-7f2154a50000 rw-p 00000000 00:00 0 
7f2154a50000-7f2154ad3000 rw-p 00000000 00:00 0 
7f2154ad3000-7f2154ad4000 rw-p 00000000 00:00 0 
7f2154ad4000-7f2154adc000 r-xp 00000000 08:05 4598270                    /usr/lib/jvm/java-7-openjdk-amd64/jre/lib/amd64/libzip.so
7f2154adc000-7f2154cdb000 ---p 00008000 08:05 4598270                    /usr/lib/jvm/java-7-openjdk-amd64/jre/lib/amd64/libzip.so
7f2154cdb000-7f2154cdc000 r--p 00007000 08:05 4598270                    /usr/lib/jvm/java-7-openjdk-amd64/jre/lib/amd64/libzip.so
7f2154cdc000-7f2154cdd000 rw-p 00008000 08:05 4598270                    /usr/lib/jvm/java-7-openjdk-amd64/jre/lib/amd64/libzip.so
7f2154cdd000-7f2154ce8000 r-xp 00000000 08:05 137512                     /lib/x86_64-linux-gnu/libnss_files-2.19.so
7f2154ce8000-7f2154ee7000 ---p 0000b000 08:05 137512                     /lib/x86_64-linux-gnu/libnss_files-2.19.so
7f2154ee7000-7f2154ee8000 r--p 0000a000 08:05 137512                     /lib/x86_64-linux-gnu/libnss_files-2.19.so
7f2154ee8000-7f2154ee9000 rw-p 0000b000 08:05 137512                     /lib/x86_64-linux-gnu/libnss_files-2.19.so
7f2154ee9000-7f2154ef4000 r-xp 00000000 08:05 137504                     /lib/x86_64-linux-gnu/libnss_nis-2.19.so
7f2154ef4000-7f21550f3000 ---p 0000b000 08:05 137504                     /lib/x86_64-linux-gnu/libnss_nis-2.19.so
7f21550f3000-7f21550f4000 r--p 0000a000 08:05 137504                     /lib/x86_64-linux-gnu/libnss_nis-2.19.so
7f21550f4000-7f21550f5000 rw-p 0000b000 08:05 137504                     /lib/x86_64-linux-gnu/libnss_nis-2.19.so
7f21550f5000-7f215510c000 r-xp 00000000 08:05 135975                     /lib/x86_64-linux-gnu/libnsl-2.19.so
7f215510c000-7f215530b000 ---p 00017000 08:05 135975                     /lib/x86_64-linux-gnu/libnsl-2.19.so
7f215530b000-7f215530c000 r--p 00016000 08:05 135975                     /lib/x86_64-linux-gnu/libnsl-2.19.so
7f215530c000-7f215530d000 rw-p 00017000 08:05 135975                     /lib/x86_64-linux-gnu/libnsl-2.19.so
7f215530d000-7f215530f000 rw-p 00000000 00:00 0 
7f215530f000-7f2155318000 r-xp 00000000 08:05 135612                     /lib/x86_64-linux-gnu/libnss_compat-2.19.so
7f2155318000-7f2155517000 ---p 00009000 08:05 135612                     /lib/x86_64-linux-gnu/libnss_compat-2.19.so
7f2155517000-7f2155518000 r--p 00008000 08:05 135612                     /lib/x86_64-linux-gnu/libnss_compat-2.19.so
7f2155518000-7f2155519000 rw-p 00009000 08:05 135612                     /lib/x86_64-linux-gnu/libnss_compat-2.19.so
7f2155519000-7f2155544000 r-xp 00000000 08:05 4598256                    /usr/lib/jvm/java-7-openjdk-amd64/jre/lib/amd64/libjava.so
7f2155544000-7f2155744000 ---p 0002b000 08:05 4598256                    /usr/lib/jvm/java-7-openjdk-amd64/jre/lib/amd64/libjava.so
7f2155744000-7f2155745000 r--p 0002b000 08:05 4598256                    /usr/lib/jvm/java-7-openjdk-amd64/jre/lib/amd64/libjava.so
7f2155745000-7f2155747000 rw-p 0002c000 08:05 4598256                    /usr/lib/jvm/java-7-openjdk-amd64/jre/lib/amd64/libjava.so
7f2155747000-7f2155757000 r-xp 00000000 08:05 4598257                    /usr/lib/jvm/java-7-openjdk-amd64/jre/lib/amd64/libverify.so
7f2155757000-7f2155956000 ---p 00010000 08:05 4598257                    /usr/lib/jvm/java-7-openjdk-amd64/jre/lib/amd64/libverify.so
7f2155956000-7f2155958000 r--p 0000f000 08:05 4598257                    /usr/lib/jvm/java-7-openjdk-amd64/jre/lib/amd64/libverify.so
7f2155958000-7f2155959000 rw-p 00011000 08:05 4598257                    /usr/lib/jvm/java-7-openjdk-amd64/jre/lib/amd64/libverify.so
7f2155959000-7f2155960000 r-xp 00000000 08:05 137508                     /lib/x86_64-linux-gnu/librt-2.19.so
7f2155960000-7f2155b5f000 ---p 00007000 08:05 137508                     /lib/x86_64-linux-gnu/librt-2.19.so
7f2155b5f000-7f2155b60000 r--p 00006000 08:05 137508                     /lib/x86_64-linux-gnu/librt-2.19.so
7f2155b60000-7f2155b61000 rw-p 00007000 08:05 137508                     /lib/x86_64-linux-gnu/librt-2.19.so
7f2155b61000-7f2155b77000 r-xp 00000000 08:05 135600                     /lib/x86_64-linux-gnu/libgcc_s.so.1
7f2155b77000-7f2155d76000 ---p 00016000 08:05 135600                     /lib/x86_64-linux-gnu/libgcc_s.so.1
7f2155d76000-7f2155d77000 rw-p 00015000 08:05 135600                     /lib/x86_64-linux-gnu/libgcc_s.so.1
7f2155d77000-7f2155e7c000 r-xp 00000000 08:05 135353                     /lib/x86_64-linux-gnu/libm-2.19.so
7f2155e7c000-7f215607b000 ---p 00105000 08:05 135353                     /lib/x86_64-linux-gnu/libm-2.19.so
7f215607b000-7f215607c000 r--p 00104000 08:05 135353                     /lib/x86_64-linux-gnu/libm-2.19.so
7f215607c000-7f215607d000 rw-p 00105000 08:05 135353                     /lib/x86_64-linux-gnu/libm-2.19.so
7f215607d000-7f2156163000 r-xp 00000000 08:05 4460713                    /usr/lib/x86_64-linux-gnu/libstdc++.so.6.0.19
7f2156163000-7f2156362000 ---p 000e6000 08:05 4460713                    /usr/lib/x86_64-linux-gnu/libstdc++.so.6.0.19
7f2156362000-7f215636a000 r--p 000e5000 08:05 4460713                    /usr/lib/x86_64-linux-gnu/libstdc++.so.6.0.19
7f215636a000-7f215636c000 rw-p 000ed000 08:05 4460713                    /usr/lib/x86_64-linux-gnu/libstdc++.so.6.0.19
7f215636c000-7f2156381000 rw-p 00000000 00:00 0 
7f2156381000-7f2156ea5000 r-xp 00000000 08:05 4598268                    /usr/lib/jvm/java-7-openjdk-amd64/jre/lib/amd64/server/libjvm.so
7f2156ea5000-7f21570a5000 ---p 00b24000 08:05 4598268                    /usr/lib/jvm/java-7-openjdk-amd64/jre/lib/amd64/server/libjvm.so
7f21570a5000-7f215713f000 r--p 00b24000 08:05 4598268                    /usr/lib/jvm/java-7-openjdk-amd64/jre/lib/amd64/server/libjvm.so
7f215713f000-7f2157162000 rw-p 00bbe000 08:05 4598268                    /usr/lib/jvm/java-7-openjdk-amd64/jre/lib/amd64/server/libjvm.so
7f2157162000-7f2157190000 rw-p 00000000 00:00 0 
7f2157190000-7f21571a8000 r-xp 00000000 08:05 135488                     /lib/x86_64-linux-gnu/libz.so.1.2.8
7f21571a8000-7f21573a7000 ---p 00018000 08:05 135488                     /lib/x86_64-linux-gnu/libz.so.1.2.8
7f21573a7000-7f21573a8000 r--p 00017000 08:05 135488                     /lib/x86_64-linux-gnu/libz.so.1.2.8
7f21573a8000-7f21573a9000 rw-p 00018000 08:05 135488                     /lib/x86_64-linux-gnu/libz.so.1.2.8
7f21573a9000-7f21573c2000 r-xp 00000000 08:05 137111                     /lib/x86_64-linux-gnu/libpthread-2.19.so
7f21573c2000-7f21575c1000 ---p 00019000 08:05 137111                     /lib/x86_64-linux-gnu/libpthread-2.19.so
7f21575c1000-7f21575c2000 r--p 00018000 08:05 137111                     /lib/x86_64-linux-gnu/libpthread-2.19.so
7f21575c2000-7f21575c3000 rw-p 00019000 08:05 137111                     /lib/x86_64-linux-gnu/libpthread-2.19.so
7f21575c3000-7f21575c7000 rw-p 00000000 00:00 0 
7f21575c7000-7f21575ca000 r-xp 00000000 08:05 135609                     /lib/x86_64-linux-gnu/libdl-2.19.so
7f21575ca000-7f21577c9000 ---p 00003000 08:05 135609                     /lib/x86_64-linux-gnu/libdl-2.19.so
7f21577c9000-7f21577ca000 r--p 00002000 08:05 135609                     /lib/x86_64-linux-gnu/libdl-2.19.so
7f21577ca000-7f21577cb000 rw-p 00003000 08:05 135609                     /lib/x86_64-linux-gnu/libdl-2.19.so
7f21577cb000-7f2157986000 r-xp 00000000 08:05 137509                     /lib/x86_64-linux-gnu/libc-2.19.so
7f2157986000-7f2157b85000 ---p 001bb000 08:05 137509                     /lib/x86_64-linux-gnu/libc-2.19.so
7f2157b85000-7f2157b89000 r--p 001ba000 08:05 137509                     /lib/x86_64-linux-gnu/libc-2.19.so
7f2157b89000-7f2157b8b000 rw-p 001be000 08:05 137509                     /lib/x86_64-linux-gnu/libc-2.19.so
7f2157b8b000-7f2157b90000 rw-p 00000000 00:00 0 
7f2157b90000-7f2157b9d000 r-xp 00000000 08:05 4598283                    /usr/lib/jvm/java-7-openjdk-amd64/jre/lib/amd64/jli/libjli.so
7f2157b9d000-7f2157d9c000 ---p 0000d000 08:05 4598283                    /usr/lib/jvm/java-7-openjdk-amd64/jre/lib/amd64/jli/libjli.so
7f2157d9c000-7f2157d9d000 r--p 0000c000 08:05 4598283                    /usr/lib/jvm/java-7-openjdk-amd64/jre/lib/amd64/jli/libjli.so
7f2157d9d000-7f2157d9e000 rw-p 0000d000 08:05 4598283                    /usr/lib/jvm/java-7-openjdk-amd64/jre/lib/amd64/jli/libjli.so
7f2157d9e000-7f2157dc1000 r-xp 00000000 08:05 137112                     /lib/x86_64-linux-gnu/ld-2.19.so
7f2157dc1000-7f2157dc2000 rw-p 00000000 00:00 0 
7f2157dc2000-7f2157dc5000 r--s 0000f000 08:05 4598312                    /usr/lib/jvm/java-7-openjdk-amd64/jre/lib/ext/icedtea-sound.jar
7f2157dc5000-7f2157dc7000 r--s 00006000 08:05 4857404                    /usr/share/java/java-atk-wrapper.jar
7f2157dc7000-7f2157dc8000 r--s 00002000 08:05 4598309                    /usr/lib/jvm/java-7-openjdk-amd64/jre/lib/ext/dnsns.jar
7f2157dc8000-7f2157dea000 rw-p 00000000 00:00 0 
7f2157dea000-7f2157ea0000 rw-p 00000000 00:00 0 
7f2157ea0000-7f2157ea3000 ---p 00000000 00:00 0 
7f2157ea3000-7f2157fa6000 rw-p 00000000 00:00 0                          [stack:6320]
7f2157fa6000-7f2157faa000 r--s 0003c000 08:05 4598314                    /usr/lib/jvm/java-7-openjdk-amd64/jre/lib/ext/sunpkcs11.jar
7f2157faa000-7f2157fae000 r--s 00085000 08:05 4598313                    /usr/lib/jvm/java-7-openjdk-amd64/jre/lib/ext/localedata.jar
7f2157fae000-7f2157fb0000 r--s 00012000 08:05 4598310                    /usr/lib/jvm/java-7-openjdk-amd64/jre/lib/ext/zipfs.jar
7f2157fb0000-7f2157fb4000 r--s 00034000 08:05 4598311                    /usr/lib/jvm/java-7-openjdk-amd64/jre/lib/ext/sunjce_provider.jar
7f2157fb4000-7f2157fbc000 rw-s 00000000 08:05 1843306                    /tmp/hsperfdata_shaiban/6300
7f2157fbc000-7f2157fbd000 rw-p 00000000 00:00 0 
7f2157fbd000-7f2157fbe000 ---p 00000000 00:00 0 
7f2157fbe000-7f2157fc0000 rw-p 00000000 00:00 0 
7f2157fc0000-7f2157fc1000 r--p 00022000 08:05 137112                     /lib/x86_64-linux-gnu/ld-2.19.so
7f2157fc1000-7f2157fc2000 rw-p 00023000 08:05 137112                     /lib/x86_64-linux-gnu/ld-2.19.so
7f2157fc2000-7f2157fc3000 rw-p 00000000 00:00 0 
7ffd680d6000-7ffd680f7000 rw-p 00000000 00:00 0                          [stack]
7ffd68114000-7ffd68116000 r--p 00000000 00:00 0                          [vvar]
7ffd68116000-7ffd68118000 r-xp 00000000 00:00 0                          [vdso]
ffffffffff600000-ffffffffff601000 r-xp 00000000 00:00 0                  [vsyscall]

VM Arguments:
jvm_args: -Xmx1024M -Dfile.encoding=UTF-8 -Duser.country=IN -Duser.language=en -Duser.variant 
java_command: com.android.dx.command.Main --dex --num-threads=4 --output /home/shaiban/apps/NDTV/app/build/intermediates/pre-dexed/debug/classes-9c4c9d3dd609e9a1ad8225c50f63908898ba2908.jar /home/shaiban/apps/NDTV/app/build/intermediates/exploded-aar/com.android.support/recyclerview-v7/22.2.1/jars/classes.jar
Launcher Type: SUN_STANDARD

Environment Variables:
PATH=/usr/local/sbin:/usr/local/bin:/usr/sbin:/usr/bin:/sbin:/bin:/usr/games:/usr/local/games
LD_LIBRARY_PATH=/home/shaiban/android-studio/bin:
SHELL=/bin/bash
DISPLAY=:0.0

Signal Handlers:
SIGSEGV: [libjvm.so+0x9548f0], sa_mask[0]=0x7ffbfeff, sa_flags=0x10000004
SIGBUS: [libjvm.so+0x9548f0], sa_mask[0]=0x7ffbfeff, sa_flags=0x10000004
SIGFPE: [libjvm.so+0x7cb0b0], sa_mask[0]=0x7ffbfeff, sa_flags=0x10000004
SIGPIPE: [libjvm.so+0x7cb0b0], sa_mask[0]=0x7ffbfeff, sa_flags=0x10000004
SIGXFSZ: [libjvm.so+0x7cb0b0], sa_mask[0]=0x7ffbfeff, sa_flags=0x10000004
SIGILL: [libjvm.so+0x7cb0b0], sa_mask[0]=0x7ffbfeff, sa_flags=0x10000004
SIGUSR1: SIG_DFL, sa_mask[0]=0x00000000, sa_flags=0x00000000
SIGUSR2: [libjvm.so+0x7caf50], sa_mask[0]=0x00000004, sa_flags=0x10000004
SIGHUP: [libjvm.so+0x7cb130], sa_mask[0]=0x7ffbfeff, sa_flags=0x10000004
SIGINT: [libjvm.so+0x7cb130], sa_mask[0]=0x7ffbfeff, sa_flags=0x10000004
SIGTERM: [libjvm.so+0x7cb130], sa_mask[0]=0x7ffbfeff, sa_flags=0x10000004
SIGQUIT: [libjvm.so+0x7cb130], sa_mask[0]=0x7ffbfeff, sa_flags=0x10000004
SIGTRAP: SIG_DFL, sa_mask[0]=0x00000000, sa_flags=0x00000000


---------------  S Y S T E M  ---------------

OS:Ubuntu 14.04 (trusty)
uname:Linux 3.19.0-58-generic #64~14.04.1-Ubuntu SMP Fri Mar 18 19:05:43 UTC 2016 x86_64
libc:glibc 2.19 NPTL 2.19 
rlimit: STACK 8192k, CORE 0k, NPROC 15370, NOFILE 4096, AS infinity
load average:10.81 3.53 1.70

/proc/meminfo:
MemTotal:        3965388 kB
MemFree:          188696 kB
MemAvailable:     151380 kB
Buffers:            1432 kB
Cached:           113796 kB
SwapCached:            0 kB
Active:          3506888 kB
Inactive:          86980 kB
Active(anon):    3503084 kB
Inactive(anon):    50820 kB
Active(file):       3804 kB
Inactive(file):    36160 kB
Unevictable:          32 kB
Mlocked:              32 kB
SwapTotal:             0 kB
SwapFree:              0 kB
Dirty:               204 kB
Writeback:             0 kB
AnonPages:       3478744 kB
Mapped:            80476 kB
Shmem:             75400 kB
Slab:             103976 kB
SReclaimable:      54324 kB
SUnreclaim:        49652 kB
KernelStack:        9312 kB
PageTables:        32344 kB
NFS_Unstable:          0 kB
Bounce:                0 kB
WritebackTmp:          0 kB
CommitLimit:     1982692 kB
Committed_AS:    6376432 kB
VmallocTotal:   34359738367 kB
VmallocUsed:      551368 kB
VmallocChunk:   34359177692 kB
HardwareCorrupted:     0 kB
AnonHugePages:   1673216 kB
CmaTotal:              0 kB
CmaFree:               0 kB
HugePages_Total:       0
HugePages_Free:        0
HugePages_Rsvd:        0
HugePages_Surp:        0
Hugepagesize:       2048 kB
DirectMap4k:      129600 kB
DirectMap2M:     3983360 kB
DirectMap1G:     1048576 kB


CPU:total 4 (2 cores per cpu, 2 threads per core) family 6 model 61 stepping 4, cmov, cx8, fxsr, mmx, sse, sse2, sse3, ssse3, sse4.1, sse4.2, popcnt, avx, avx2, aes, erms, ht, tsc, tscinvbit

/proc/cpuinfo:
processor	: 0
vendor_id	: GenuineIntel
cpu family	: 6
model		: 61
model name	: Intel(R) Core(TM) i5-5200U CPU @ 2.20GHz
stepping	: 4
microcode	: 0x1d
cpu MHz		: 2499.921
cache size	: 3072 KB
physical id	: 0
siblings	: 4
core id		: 0
cpu cores	: 2
apicid		: 0
initial apicid	: 0
fpu		: yes
fpu_exception	: yes
cpuid level	: 20
wp		: yes
flags		: fpu vme de pse tsc msr pae mce cx8 apic sep mtrr pge mca cmov pat pse36 clflush dts acpi mmx fxsr sse sse2 ss ht tm pbe syscall nx pdpe1gb rdtscp lm constant_tsc arch_perfmon pebs bts rep_good nopl xtopology nonstop_tsc aperfmperf eagerfpu pni pclmulqdq dtes64 monitor ds_cpl vmx est tm2 ssse3 fma cx16 xtpr pdcm pcid sse4_1 sse4_2 x2apic movbe popcnt tsc_deadline_timer aes xsave avx f16c rdrand lahf_lm abm 3dnowprefetch ida arat epb pln pts dtherm tpr_shadow vnmi flexpriority ept vpid fsgsbase tsc_adjust bmi1 avx2 smep bmi2 erms invpcid rdseed adx smap xsaveopt
bugs		:
bogomips	: 4389.91
clflush size	: 64
cache_alignment	: 64
address sizes	: 39 bits physical, 48 bits virtual
power management:

processor	: 1
vendor_id	: GenuineIntel
cpu family	: 6
model		: 61
model name	: Intel(R) Core(TM) i5-5200U CPU @ 2.20GHz
stepping	: 4
microcode	: 0x1d
cpu MHz		: 2499.921
cache size	: 3072 KB
physical id	: 0
siblings	: 4
core id		: 1
cpu cores	: 2
apicid		: 2
initial apicid	: 2
fpu		: yes
fpu_exception	: yes
cpuid level	: 20
wp		: yes
flags		: fpu vme de pse tsc msr pae mce cx8 apic sep mtrr pge mca cmov pat pse36 clflush dts acpi mmx fxsr sse sse2 ss ht tm pbe syscall nx pdpe1gb rdtscp lm constant_tsc arch_perfmon pebs bts rep_good nopl xtopology nonstop_tsc aperfmperf eagerfpu pni pclmulqdq dtes64 monitor ds_cpl vmx est tm2 ssse3 fma cx16 xtpr pdcm pcid sse4_1 sse4_2 x2apic movbe popcnt tsc_deadline_timer aes xsave avx f16c rdrand lahf_lm abm 3dnowprefetch ida arat epb pln pts dtherm tpr_shadow vnmi flexpriority ept vpid fsgsbase tsc_adjust bmi1 avx2 smep bmi2 erms invpcid rdseed adx smap xsaveopt
bugs		:
bogomips	: 4389.91
clflush size	: 64
cache_alignment	: 64
address sizes	: 39 bits physical, 48 bits virtual
power management:

processor	: 2
vendor_id	: GenuineIntel
cpu family	: 6
model		: 61
model name	: Intel(R) Core(TM) i5-5200U CPU @ 2.20GHz
stepping	: 4
microcode	: 0x1d
cpu MHz		: 2499.921
cache size	: 3072 KB
physical id	: 0
siblings	: 4
core id		: 0
cpu cores	: 2
apicid		: 1
initial apicid	: 1
fpu		: yes
fpu_exception	: yes
cpuid level	: 20
wp		: yes
flags		: fpu vme de pse tsc msr pae mce cx8 apic sep mtrr pge mca cmov pat pse36 clflush dts acpi mmx fxsr sse sse2 ss ht tm pbe syscall nx pdpe1gb rdtscp lm constant_tsc arch_perfmon pebs bts rep_good nopl xtopology nonstop_tsc aperfmperf eagerfpu pni pclmulqdq dtes64 monitor ds_cpl vmx est tm2 ssse3 fma cx16 xtpr pdcm pcid sse4_1 sse4_2 x2apic movbe popcnt tsc_deadline_timer aes xsave avx f16c rdrand lahf_lm abm 3dnowprefetch ida arat epb pln pts dtherm tpr_shadow vnmi flexpriority ept vpid fsgsbase tsc_adjust bmi1 avx2 smep bmi2 erms invpcid rdseed adx smap xsaveopt
bugs		:
bogomips	: 4389.91
clflush size	: 64
cache_alignment	: 64
address sizes	: 39 bits physical, 48 bits virtual
power management:

processor	: 3
vendor_id	: GenuineIntel
cpu family	: 6
model		: 61
model name	: Intel(R) Core(TM) i5-5200U CPU @ 2.20GHz
stepping	: 4
microcode	: 0x1d
cpu MHz		: 2499.921
cache size	: 3072 KB
physical id	: 0
siblings	: 4
core id		: 1
cpu cores	: 2
apicid		: 3
initial apicid	: 3
fpu		: yes
fpu_exception	: yes
cpuid level	: 20
wp		: yes
flags		: fpu vme de pse tsc msr pae mce cx8 apic sep mtrr pge mca cmov pat pse36 clflush dts acpi mmx fxsr sse sse2 ss ht tm pbe syscall nx pdpe1gb rdtscp lm constant_tsc arch_perfmon pebs bts rep_good nopl xtopology nonstop_tsc aperfmperf eagerfpu pni pclmulqdq dtes64 monitor ds_cpl vmx est tm2 ssse3 fma cx16 xtpr pdcm pcid sse4_1 sse4_2 x2apic movbe popcnt tsc_deadline_timer aes xsave avx f16c rdrand lahf_lm abm 3dnowprefetch ida arat epb pln pts dtherm tpr_shadow vnmi flexpriority ept vpid fsgsbase tsc_adjust bmi1 avx2 smep bmi2 erms invpcid rdseed adx smap xsaveopt
bugs		:
bogomips	: 4389.91
clflush size	: 64
cache_alignment	: 64
address sizes	: 39 bits physical, 48 bits virtual
power management:



Memory: 4k page, physical 3965388k(188448k free), swap 0k(0k free)

vm_info: OpenJDK 64-Bit Server VM (24.95-b01) for linux-amd64 JRE (1.7.0_95-b00), built on Mar 24 2016 06:13:32 by "buildd" with gcc 4.8.2

time: Wed Apr  6 22:57:10 2016
elapsed time: 33 seconds

