#
# There is insufficient memory for the Java Runtime Environment to continue.
# Native memory allocation (malloc) failed to allocate 147849216 bytes for committing reserved memory.
# Possible reasons:
#   The system is out of physical RAM or swap space
#   In 32 bit mode, the process size limit was hit
# Possible solutions:
#   Reduce memory load on the system
#   Increase physical memory or swap space
#   Check if swap backing store is full
#   Use 64 bit Java on a 64 bit OS
#   Decrease Java heap size (-Xmx/-Xms)
#   Decrease number of Java threads
#   Decrease Java thread stack sizes (-Xss)
#   Set larger code cache with -XX:ReservedCodeCacheSize=
# This output file may be truncated or incomplete.
#
#  Out of Memory Error (os_linux.cpp:2827), pid=6302, tid=140311151073024
#
# JRE version: OpenJDK Runtime Environment (7.0_95) (build 1.7.0_95-b00)
# Java VM: OpenJDK 64-Bit Server VM (24.95-b01 mixed mode linux-amd64 compressed oops)
# Derivative: IcedTea 2.6.4
# Distribution: Ubuntu 14.04 LTS, package 7u95-2.6.4-0ubuntu0.14.04.2
# Failed to write core dump. Core dumps have been disabled. To enable core dumping, try "ulimit -c unlimited" before starting Java again
#

---------------  T H R E A D  ---------------

Current thread (0x00007f9cb8076000):  VMThread [stack: 0x00007f9cbc415000,0x00007f9cbc516000] [id=6343]

Stack: [0x00007f9cbc415000,0x00007f9cbc516000],  sp=0x00007f9cbc514490,  free space=1021k
Native frames: (J=compiled Java code, j=interpreted, Vv=VM code, C=native code)
V  [libjvm.so+0x953e15]
V  [libjvm.so+0x48fd94]
V  [libjvm.so+0x7cf87b]
V  [libjvm.so+0x7ca33f]
V  [libjvm.so+0x83dacb]
V  [libjvm.so+0x83e930]
V  [libjvm.so+0x83f01b]
V  [libjvm.so+0x83b258]
V  [libjvm.so+0x83bac8]
V  [libjvm.so+0x7f2083]
V  [libjvm.so+0x955814]
V  [libjvm.so+0x959917]
V  [libjvm.so+0x9583d8]
V  [libjvm.so+0x958839]
V  [libjvm.so+0x958c82]
V  [libjvm.so+0x7cc742]

VM_Operation (0x00007f9ca4679180): ParallelGCFailedAllocation, mode: safepoint, requested by thread 0x00007f9cb81a3800


---------------  P R O C E S S  ---------------

Java Threads: ( => current thread )
  0x00007f9cb81a6800 JavaThread "pool-1-thread-4" [_thread_blocked, id=6391, stack(0x00007f9ca4378000,0x00007f9ca4479000)]
  0x00007f9cb81a5000 JavaThread "pool-1-thread-3" [_thread_blocked, id=6390, stack(0x00007f9ca4479000,0x00007f9ca457a000)]
  0x00007f9cb81a3800 JavaThread "pool-1-thread-2" [_thread_blocked, id=6388, stack(0x00007f9ca457a000,0x00007f9ca467b000)]
  0x00007f9cb81a0800 JavaThread "pool-2-thread-1" [_thread_blocked, id=6382, stack(0x00007f9ca467b000,0x00007f9ca477c000)]
  0x00007f9cb819e800 JavaThread "pool-1-thread-1" [_thread_blocked, id=6381, stack(0x00007f9cb4092000,0x00007f9cb4193000)]
  0x00007f9cb80ae800 JavaThread "Service Thread" daemon [_thread_blocked, id=6355, stack(0x00007f9cb471c000,0x00007f9cb481d000)]
  0x00007f9cb80ac000 JavaThread "C2 CompilerThread1" daemon [_thread_blocked, id=6354, stack(0x00007f9cb481d000,0x00007f9cb491e000)]
  0x00007f9cb80a9000 JavaThread "C2 CompilerThread0" daemon [_thread_blocked, id=6353, stack(0x00007f9cbc011000,0x00007f9cbc112000)]
  0x00007f9cb80a7000 JavaThread "Signal Dispatcher" daemon [_thread_blocked, id=6352, stack(0x00007f9cbc112000,0x00007f9cbc213000)]
  0x00007f9cb807c000 JavaThread "Finalizer" daemon [_thread_blocked, id=6351, stack(0x00007f9cbc213000,0x00007f9cbc314000)]
  0x00007f9cb807a000 JavaThread "Reference Handler" daemon [_thread_blocked, id=6348, stack(0x00007f9cbc314000,0x00007f9cbc415000)]
  0x00007f9cb800a800 JavaThread "main" [_thread_blocked, id=6321, stack(0x00007f9cc15dd000,0x00007f9cc16de000)]

Other Threads:
=>0x00007f9cb8076000 VMThread [stack: 0x00007f9cbc415000,0x00007f9cbc516000] [id=6343]
  0x00007f9cb80c1000 WatcherThread [stack: 0x00007f9cb461b000,0x00007f9cb471c000] [id=6357]

VM state:at safepoint (normal execution)

VM Mutex/Monitor currently owned by a thread:  ([mutex/lock_event])
[0x00007f9cb8006930] Threads_lock - owner thread: 0x00007f9cb8076000
[0x00007f9cb8006e30] Heap_lock - owner thread: 0x00007f9cb81a3800

Heap
 PSYoungGen      total 142848K, used 17889K [0x00000000eaa80000, 0x00000000f4980000, 0x0000000100000000)
  eden space 124928K, 0% used [0x00000000eaa80000,0x00000000eaa80000,0x00000000f2480000)
  from space 17920K, 99% used [0x00000000f2480000,0x00000000f35f8760,0x00000000f3600000)
  to   space 15872K, 0% used [0x00000000f3600000,0x00000000f3600000,0x00000000f4580000)
 ParOldGen       total 40960K, used 38174K [0x00000000c0000000, 0x00000000c2800000, 0x00000000eaa80000)
  object space 40960K, 93% used [0x00000000c0000000,0x00000000c2547b20,0x00000000c2800000)
 PSPermGen       total 21504K, used 6380K [0x00000000b5a00000, 0x00000000b6f00000, 0x00000000c0000000)
  object space 21504K, 29% used [0x00000000b5a00000,0x00000000b603b010,0x00000000b6f00000)

Card table byte_map: [0x00007f9cbdfbd000,0x00007f9cbe211000] byte_map_base: 0x00007f9cbda10000

Polling page: 0x00007f9cc16fa000

Code Cache  [0x00007f9cb5000000, 0x00007f9cb5270000, 0x00007f9cb8000000)
 total_blobs=546 nmethods=315 adapters=184 free_code_cache=47672Kb largest_free_block=48788928

Compilation events (10 events):
Event: 21.149 Thread 0x00007f9cb80ac000 nmethod 319 0x00007f9cb5137c50 code [0x00007f9cb5137da0, 0x00007f9cb5137e98]
Event: 21.149 Thread 0x00007f9cb80ac000  320             java.util.TreeMap::put (247 bytes)
Event: 21.234 Thread 0x00007f9cb80ac000 nmethod 320 0x00007f9cb50c5410 code [0x00007f9cb50c55c0, 0x00007f9cb50c5fb8]
Event: 21.240 Thread 0x00007f9cb80ac000  321             com.android.dx.ssa.SCCP::addBlockToWorklist (47 bytes)
Event: 21.306 Thread 0x00007f9cb80ac000 nmethod 321 0x00007f9cb5176010 code [0x00007f9cb51761e0, 0x00007f9cb5176970]
Event: 21.306 Thread 0x00007f9cb80ac000  322             com.android.dx.ssa.SsaBasicBlock::getRopLabelSuccessorList (57 bytes)
Event: 21.386 Thread 0x00007f9cb80ac000 nmethod 322 0x00007f9cb5177110 code [0x00007f9cb51772c0, 0x00007f9cb5177ad8]
Event: 21.386 Thread 0x00007f9cb80ac000  323             java.lang.StringBuilder::append (8 bytes)
Event: 21.428 Thread 0x00007f9cb80ac000 nmethod 323 0x00007f9cb5178150 code [0x00007f9cb51782c0, 0x00007f9cb5178698]
Event: 21.428 Thread 0x00007f9cb80ac000  324   !         com.android.dx.cf.cst.ConstantPoolParser::parse0 (731 bytes)

GC Heap History (10 events):
Event: 2.514 GC heap after
Heap after GC invocations=2 (full 0):
 PSYoungGen      total 34304K, used 2537K [0x00000000eaa80000, 0x00000000ece80000, 0x0000000100000000)
  eden space 31744K, 0% used [0x00000000eaa80000,0x00000000eaa80000,0x00000000ec980000)
  from space 2560K, 99% used [0x00000000ecc00000,0x00000000ece7a7f8,0x00000000ece80000)
  to   space 2560K, 0% used [0x00000000ec980000,0x00000000ec980000,0x00000000ecc00000)
 ParOldGen       total 40960K, used 1994K [0x00000000c0000000, 0x00000000c2800000, 0x00000000eaa80000)
  object space 40960K, 4% used [0x00000000c0000000,0x00000000c01f28e0,0x00000000c2800000)
 PSPermGen       total 21504K, used 5986K [0x00000000b5a00000, 0x00000000b6f00000, 0x00000000c0000000)
  object space 21504K, 27% used [0x00000000b5a00000,0x00000000b5fd8800,0x00000000b6f00000)
}
Event: 4.745 GC heap before
{Heap before GC invocations=3 (full 0):
 PSYoungGen      total 34304K, used 34281K [0x00000000eaa80000, 0x00000000ece80000, 0x0000000100000000)
  eden space 31744K, 100% used [0x00000000eaa80000,0x00000000ec980000,0x00000000ec980000)
  from space 2560K, 99% used [0x00000000ecc00000,0x00000000ece7a7f8,0x00000000ece80000)
  to   space 2560K, 0% used [0x00000000ec980000,0x00000000ec980000,0x00000000ecc00000)
 ParOldGen       total 40960K, used 1994K [0x00000000c0000000, 0x00000000c2800000, 0x00000000eaa80000)
  object space 40960K, 4% used [0x00000000c0000000,0x00000000c01f28e0,0x00000000c2800000)
 PSPermGen       total 21504K, used 6173K [0x00000000b5a00000, 0x00000000b6f00000, 0x00000000c0000000)
  object space 21504K, 28% used [0x00000000b5a00000,0x00000000b6007778,0x00000000b6f00000)
Event: 4.822 GC heap after
Heap after GC invocations=3 (full 0):
 PSYoungGen      total 34304K, used 2558K [0x00000000eaa80000, 0x00000000eed80000, 0x0000000100000000)
  eden space 31744K, 0% used [0x00000000eaa80000,0x00000000eaa80000,0x00000000ec980000)
  from space 2560K, 99% used [0x00000000ec980000,0x00000000ecbff8c8,0x00000000ecc00000)
  to   space 2560K, 0% used [0x00000000eeb00000,0x00000000eeb00000,0x00000000eed80000)
 ParOldGen       total 40960K, used 7128K [0x00000000c0000000, 0x00000000c2800000, 0x00000000eaa80000)
  object space 40960K, 17% used [0x00000000c0000000,0x00000000c06f6130,0x00000000c2800000)
 PSPermGen       total 21504K, used 6173K [0x00000000b5a00000, 0x00000000b6f00000, 0x00000000c0000000)
  object space 21504K, 28% used [0x00000000b5a00000,0x00000000b6007778,0x00000000b6f00000)
}
Event: 7.147 GC heap before
{Heap before GC invocations=4 (full 0):
 PSYoungGen      total 34304K, used 34302K [0x00000000eaa80000, 0x00000000eed80000, 0x0000000100000000)
  eden space 31744K, 100% used [0x00000000eaa80000,0x00000000ec980000,0x00000000ec980000)
  from space 2560K, 99% used [0x00000000ec980000,0x00000000ecbff8c8,0x00000000ecc00000)
  to   space 2560K, 0% used [0x00000000eeb00000,0x00000000eeb00000,0x00000000eed80000)
 ParOldGen       total 40960K, used 7128K [0x00000000c0000000, 0x00000000c2800000, 0x00000000eaa80000)
  object space 40960K, 17% used [0x00000000c0000000,0x00000000c06f6130,0x00000000c2800000)
 PSPermGen       total 21504K, used 6218K [0x00000000b5a00000, 0x00000000b6f00000, 0x00000000c0000000)
  object space 21504K, 28% used [0x00000000b5a00000,0x00000000b6012850,0x00000000b6f00000)
Event: 7.232 GC heap after
Heap after GC invocations=4 (full 0):
 PSYoungGen      total 66048K, used 2558K [0x00000000eaa80000, 0x00000000eed80000, 0x0000000100000000)
  eden space 63488K, 0% used [0x00000000eaa80000,0x00000000eaa80000,0x00000000ee880000)
  from space 2560K, 99% used [0x00000000eeb00000,0x00000000eed7f8c8,0x00000000eed80000)
  to   space 2560K, 0% used [0x00000000ee880000,0x00000000ee880000,0x00000000eeb00000)
 ParOldGen       total 40960K, used 13612K [0x00000000c0000000, 0x00000000c2800000, 0x00000000eaa80000)
  object space 40960K, 33% used [0x00000000c0000000,0x00000000c0d4b110,0x00000000c2800000)
 PSPermGen       total 21504K, used 6218K [0x00000000b5a00000, 0x00000000b6f00000, 0x00000000c0000000)
  object space 21504K, 28% used [0x00000000b5a00000,0x00000000b6012850,0x00000000b6f00000)
}
Event: 12.987 GC heap before
{Heap before GC invocations=5 (full 0):
 PSYoungGen      total 66048K, used 66046K [0x00000000eaa80000, 0x00000000eed80000, 0x0000000100000000)
  eden space 63488K, 100% used [0x00000000eaa80000,0x00000000ee880000,0x00000000ee880000)
  from space 2560K, 99% used [0x00000000eeb00000,0x00000000eed7f8c8,0x00000000eed80000)
  to   space 2560K, 0% used [0x00000000ee880000,0x00000000ee880000,0x00000000eeb00000)
 ParOldGen       total 40960K, used 13612K [0x00000000c0000000, 0x00000000c2800000, 0x00000000eaa80000)
  object space 40960K, 33% used [0x00000000c0000000,0x00000000c0d4b110,0x00000000c2800000)
 PSPermGen       total 21504K, used 6255K [0x00000000b5a00000, 0x00000000b6f00000, 0x00000000c0000000)
  object space 21504K, 29% used [0x00000000b5a00000,0x00000000b601bda0,0x00000000b6f00000)
Event: 13.134 GC heap after
Heap after GC invocations=5 (full 0):
 PSYoungGen      total 66048K, used 2542K [0x00000000eaa80000, 0x00000000f4580000, 0x0000000100000000)
  eden space 63488K, 0% used [0x00000000eaa80000,0x00000000eaa80000,0x00000000ee880000)
  from space 2560K, 99% used [0x00000000ee880000,0x00000000eeafb8c8,0x00000000eeb00000)
  to   space 15872K, 0% used [0x00000000f3600000,0x00000000f3600000,0x00000000f4580000)
 ParOldGen       total 40960K, used 23989K [0x00000000c0000000, 0x00000000c2800000, 0x00000000eaa80000)
  object space 40960K, 58% used [0x00000000c0000000,0x00000000c176d4e0,0x00000000c2800000)
 PSPermGen       total 21504K, used 6255K [0x00000000b5a00000, 0x00000000b6f00000, 0x00000000c0000000)
  object space 21504K, 29% used [0x00000000b5a00000,0x00000000b601bda0,0x00000000b6f00000)
}
Event: 17.590 GC heap before
{Heap before GC invocations=6 (full 0):
 PSYoungGen      total 66048K, used 66030K [0x00000000eaa80000, 0x00000000f4580000, 0x0000000100000000)
  eden space 63488K, 100% used [0x00000000eaa80000,0x00000000ee880000,0x00000000ee880000)
  from space 2560K, 99% used [0x00000000ee880000,0x00000000eeafb8c8,0x00000000eeb00000)
  to   space 15872K, 0% used [0x00000000f3600000,0x00000000f3600000,0x00000000f4580000)
 ParOldGen       total 40960K, used 23989K [0x00000000c0000000, 0x00000000c2800000, 0x00000000eaa80000)
  object space 40960K, 58% used [0x00000000c0000000,0x00000000c176d4e0,0x00000000c2800000)
 PSPermGen       total 21504K, used 6299K [0x00000000b5a00000, 0x00000000b6f00000, 0x00000000c0000000)
  object space 21504K, 29% used [0x00000000b5a00000,0x00000000b6026f70,0x00000000b6f00000)
Event: 17.751 GC heap after
Heap after GC invocations=6 (full 0):
 PSYoungGen      total 140800K, used 13245K [0x00000000eaa80000, 0x00000000f4980000, 0x0000000100000000)
  eden space 124928K, 0% used [0x00000000eaa80000,0x00000000eaa80000,0x00000000f2480000)
  from space 15872K, 83% used [0x00000000f3600000,0x00000000f42ef6a8,0x00000000f4580000)
  to   space 17920K, 0% used [0x00000000f2480000,0x00000000f2480000,0x00000000f3600000)
 ParOldGen       total 40960K, used 23989K [0x00000000c0000000, 0x00000000c2800000, 0x00000000eaa80000)
  object space 40960K, 58% used [0x00000000c0000000,0x00000000c176d4e0,0x00000000c2800000)
 PSPermGen       total 21504K, used 6299K [0x00000000b5a00000, 0x00000000b6f00000, 0x00000000c0000000)
  object space 21504K, 29% used [0x00000000b5a00000,0x00000000b6026f70,0x00000000b6f00000)
}
Event: 23.707 GC heap before
{Heap before GC invocations=7 (full 0):
 PSYoungGen      total 140800K, used 138173K [0x00000000eaa80000, 0x00000000f4980000, 0x0000000100000000)
  eden space 124928K, 100% used [0x00000000eaa80000,0x00000000f2480000,0x00000000f2480000)
  from space 15872K, 83% used [0x00000000f3600000,0x00000000f42ef6a8,0x00000000f4580000)
  to   space 17920K, 0% used [0x00000000f2480000,0x00000000f2480000,0x00000000f3600000)
 ParOldGen       total 40960K, used 23989K [0x00000000c0000000, 0x00000000c2800000, 0x00000000eaa80000)
  object space 40960K, 58% used [0x00000000c0000000,0x00000000c176d4e0,0x00000000c2800000)
 PSPermGen       total 21504K, used 6380K [0x00000000b5a00000, 0x00000000b6f00000, 0x00000000c0000000)
  object space 21504K, 29% used [0x00000000b5a00000,0x00000000b603b010,0x00000000b6f00000)

Deoptimization events (10 events):
Event: 5.816 Thread 0x00007f9cb81a6800 Uncommon trap: reason=class_check action=maybe_recompile pc=0x00007f9cb50a8960 method=java.util.HashMap.put(Ljava/lang/Object;Ljava/lang/Object;)Ljava/lang/Object; @ 83
Event: 5.816 Thread 0x00007f9cb81a6800 Uncommon trap: reason=class_check action=maybe_recompile pc=0x00007f9cb50a8960 method=java.util.HashMap.put(Ljava/lang/Object;Ljava/lang/Object;)Ljava/lang/Object; @ 83
Event: 5.816 Thread 0x00007f9cb81a6800 Uncommon trap: reason=class_check action=maybe_recompile pc=0x00007f9cb50a8960 method=java.util.HashMap.put(Ljava/lang/Object;Ljava/lang/Object;)Ljava/lang/Object; @ 83
Event: 5.816 Thread 0x00007f9cb81a6800 Uncommon trap: reason=class_check action=maybe_recompile pc=0x00007f9cb50a8960 method=java.util.HashMap.put(Ljava/lang/Object;Ljava/lang/Object;)Ljava/lang/Object; @ 83
Event: 6.272 Thread 0x00007f9cb81a3800 Uncommon trap: reason=unstable_if action=reinterpret pc=0x00007f9cb50c7d58 method=com.android.dx.ssa.SsaRenamer$BlockRenamer.process()V @ 90
Event: 9.054 Thread 0x00007f9cb81a3800 Uncommon trap: reason=unstable_if action=reinterpret pc=0x00007f9cb509c834 method=com.android.dx.util.IntList.binarysearch(I)I @ 105
Event: 14.814 Thread 0x00007f9cb81a5000 Uncommon trap: reason=unstable_if action=reinterpret pc=0x00007f9cb50e2084 method=com.android.dx.ssa.SCCP.simulateBranch(Lcom/android/dx/ssa/SsaInsn;)V @ 548
Event: 17.147 Thread 0x00007f9cb800a800 Uncommon trap: reason=null_check action=make_not_entrant pc=0x00007f9cb512d99c method=com.android.dx.cf.code.Ropper$CatchInfo.getSetup(Lcom/android/dx/rop/type/Type;)Lcom/android/dx/cf/code/Ropper$ExceptionHandlerSetup; @ 10
Event: 20.099 Thread 0x00007f9cb81a5000 Uncommon trap: reason=unstable_if action=reinterpret pc=0x00007f9cb50fb180 method=com.android.dx.ssa.Dominators.run()V @ 346
Event: 20.590 Thread 0x00007f9cb81a3800 Uncommon trap: reason=unstable_if action=reinterpret pc=0x00007f9cb513b0b4 method=com.android.dx.ssa.SCCP.simulateStmt(Lcom/android/dx/ssa/SsaInsn;)V @ 59

Internal exceptions (10 events):
Event: 1.651 Thread 0x00007f9cb819e800 Threw 0x00000000eb21a118 at /build/openjdk-7-HVzwJZ/openjdk-7-7u95-2.6.4/build/openjdk/hotspot/src/share/vm/prims/jvm.cpp:1322
Event: 1.924 Thread 0x00007f9cb81a3800 Threw 0x00000000eb436580 at /build/openjdk-7-HVzwJZ/openjdk-7-7u95-2.6.4/build/openjdk/hotspot/src/share/vm/prims/jvm.cpp:1322
Event: 2.292 Thread 0x00007f9cb81a5000 Threw 0x00000000eb7ecf18 at /build/openjdk-7-HVzwJZ/openjdk-7-7u95-2.6.4/build/openjdk/hotspot/src/share/vm/prims/jvm.cpp:1322
Event: 2.674 Thread 0x00007f9cb819e800 Threw 0x00000000eacbd4a8 at /build/openjdk-7-HVzwJZ/openjdk-7-7u95-2.6.4/build/openjdk/hotspot/src/share/vm/prims/jvm.cpp:1322
Event: 3.702 Thread 0x00007f9cb800a800 Implicit null exception at 0x00007f9cb50a4957 to 0x00007f9cb50a503d
Event: 5.676 Thread 0x00007f9cb800a800 Threw 0x00000000eb55fd00 at /build/openjdk-7-HVzwJZ/openjdk-7-7u95-2.6.4/build/openjdk/hotspot/src/share/vm/prims/jvm.cpp:1322
Event: 5.812 Thread 0x00007f9cb800a800 Threw 0x00000000eb6db940 at /build/openjdk-7-HVzwJZ/openjdk-7-7u95-2.6.4/build/openjdk/hotspot/src/share/vm/prims/jvm.cpp:1322
Event: 6.978 Thread 0x00007f9cb800a800 Threw 0x00000000ec6f62f8 at /build/openjdk-7-HVzwJZ/openjdk-7-7u95-2.6.4/build/openjdk/hotspot/src/share/vm/prims/jvm.cpp:1322
Event: 15.832 Thread 0x00007f9cb800a800 Threw 0x00000000ecf482e8 at /build/openjdk-7-HVzwJZ/openjdk-7-7u95-2.6.4/build/openjdk/hotspot/src/share/vm/prims/jvm.cpp:1322
Event: 17.147 Thread 0x00007f9cb800a800 Implicit null exception at 0x00007f9cb5129b69 to 0x00007f9cb512d955

Events (10 events):
Event: 18.302 Thread 0x00007f9cb80a9000 flushing nmethod 0x00007f9cb50b2190
Event: 19.765 Thread 0x00007f9cb80a9000 flushing nmethod 0x00007f9cb509c590
Event: 19.913 Thread 0x00007f9cb80ac000 flushing nmethod 0x00007f9cb50c5290
Event: 20.099 Thread 0x00007f9cb81a5000 Uncommon trap: trap_request=0xffffff75 fr.pc=0x00007f9cb50fb180
Event: 20.099 Thread 0x00007f9cb81a5000 DEOPT PACKING pc=0x00007f9cb50fb180 sp=0x00007f9ca4578050
Event: 20.099 Thread 0x00007f9cb81a5000 DEOPT UNPACKING pc=0x00007f9cb5039445 sp=0x00007f9ca4578078 mode 2
Event: 20.590 Thread 0x00007f9cb81a3800 Uncommon trap: trap_request=0xffffff75 fr.pc=0x00007f9cb513b0b4
Event: 20.590 Thread 0x00007f9cb81a3800 DEOPT PACKING pc=0x00007f9cb513b0b4 sp=0x00007f9ca46791c0
Event: 20.590 Thread 0x00007f9cb81a3800 DEOPT UNPACKING pc=0x00007f9cb5039445 sp=0x00007f9ca4679168 mode 2
Event: 23.635 Executing VM operation: ParallelGCFailedAllocation


Dynamic libraries:
00400000-00401000 r-xp 00000000 08:05 4592440                            /usr/lib/jvm/java-7-openjdk-amd64/jre/bin/java
00600000-00601000 r--p 00000000 08:05 4592440                            /usr/lib/jvm/java-7-openjdk-amd64/jre/bin/java
00601000-00602000 rw-p 00001000 08:05 4592440                            /usr/lib/jvm/java-7-openjdk-amd64/jre/bin/java
013bf000-013e0000 rw-p 00000000 00:00 0                                  [heap]
b5a00000-b6f00000 rw-p 00000000 00:00 0 
b6f00000-c0000000 rw-p 00000000 00:00 0 
c0000000-c2800000 rw-p 00000000 00:00 0 
c2800000-eaa80000 rw-p 00000000 00:00 0 
eaa80000-f4980000 rw-p 00000000 00:00 0 
fd680000-100000000 rw-p 00000000 00:00 0 
7f9c68000000-7f9c68021000 rw-p 00000000 00:00 0 
7f9c68021000-7f9c6c000000 ---p 00000000 00:00 0 
7f9c70000000-7f9c70026000 rw-p 00000000 00:00 0 
7f9c70026000-7f9c74000000 ---p 00000000 00:00 0 
7f9c74000000-7f9c74021000 rw-p 00000000 00:00 0 
7f9c74021000-7f9c78000000 ---p 00000000 00:00 0 
7f9c78000000-7f9c78046000 rw-p 00000000 00:00 0 
7f9c78046000-7f9c7c000000 ---p 00000000 00:00 0 
7f9c7c000000-7f9c7c021000 rw-p 00000000 00:00 0 
7f9c7c021000-7f9c80000000 ---p 00000000 00:00 0 
7f9c80000000-7f9c80021000 rw-p 00000000 00:00 0 
7f9c80021000-7f9c84000000 ---p 00000000 00:00 0 
7f9c84000000-7f9c86077000 rw-p 00000000 00:00 0 
7f9c86077000-7f9c88000000 ---p 00000000 00:00 0 
7f9c88000000-7f9c88021000 rw-p 00000000 00:00 0 
7f9c88021000-7f9c8c000000 ---p 00000000 00:00 0 
7f9c8c000000-7f9c8c021000 rw-p 00000000 00:00 0 
7f9c8c021000-7f9c90000000 ---p 00000000 00:00 0 
7f9c90000000-7f9c91851000 rw-p 00000000 00:00 0 
7f9c91851000-7f9c94000000 ---p 00000000 00:00 0 
7f9c94000000-7f9c94021000 rw-p 00000000 00:00 0 
7f9c94021000-7f9c98000000 ---p 00000000 00:00 0 
7f9c98000000-7f9c98021000 rw-p 00000000 00:00 0 
7f9c98021000-7f9c9c000000 ---p 00000000 00:00 0 
7f9c9c000000-7f9c9c021000 rw-p 00000000 00:00 0 
7f9c9c021000-7f9ca0000000 ---p 00000000 00:00 0 
7f9ca0000000-7f9ca0021000 rw-p 00000000 00:00 0 
7f9ca0021000-7f9ca4000000 ---p 00000000 00:00 0 
7f9ca4378000-7f9ca437b000 ---p 00000000 00:00 0 
7f9ca437b000-7f9ca4479000 rw-p 00000000 00:00 0                          [stack:6391]
7f9ca4479000-7f9ca447c000 ---p 00000000 00:00 0 
7f9ca447c000-7f9ca457a000 rw-p 00000000 00:00 0                          [stack:6390]
7f9ca457a000-7f9ca457d000 ---p 00000000 00:00 0 
7f9ca457d000-7f9ca467b000 rw-p 00000000 00:00 0                          [stack:6388]
7f9ca467b000-7f9ca467e000 ---p 00000000 00:00 0 
7f9ca467e000-7f9ca477c000 rw-p 00000000 00:00 0                          [stack:6382]
7f9ca477c000-7f9ca47b9000 r-xp 00000000 08:05 135945                     /lib/x86_64-linux-gnu/libpcre.so.3.13.1
7f9ca47b9000-7f9ca49b8000 ---p 0003d000 08:05 135945                     /lib/x86_64-linux-gnu/libpcre.so.3.13.1
7f9ca49b8000-7f9ca49b9000 r--p 0003c000 08:05 135945                     /lib/x86_64-linux-gnu/libpcre.so.3.13.1
7f9ca49b9000-7f9ca49ba000 rw-p 0003d000 08:05 135945                     /lib/x86_64-linux-gnu/libpcre.so.3.13.1
7f9ca49ba000-7f9ca49c1000 r-xp 00000000 08:05 4456827                    /usr/lib/x86_64-linux-gnu/libffi.so.6.0.1
7f9ca49c1000-7f9ca4bc0000 ---p 00007000 08:05 4456827                    /usr/lib/x86_64-linux-gnu/libffi.so.6.0.1
7f9ca4bc0000-7f9ca4bc1000 r--p 00006000 08:05 4456827                    /usr/lib/x86_64-linux-gnu/libffi.so.6.0.1
7f9ca4bc1000-7f9ca4bc2000 rw-p 00007000 08:05 4456827                    /usr/lib/x86_64-linux-gnu/libffi.so.6.0.1
7f9ca4bc2000-7f9ca4bd9000 r-xp 00000000 08:05 135289                     /lib/x86_64-linux-gnu/libresolv-2.19.so
7f9ca4bd9000-7f9ca4dd9000 ---p 00017000 08:05 135289                     /lib/x86_64-linux-gnu/libresolv-2.19.so
7f9ca4dd9000-7f9ca4dda000 r--p 00017000 08:05 135289                     /lib/x86_64-linux-gnu/libresolv-2.19.so
7f9ca4dda000-7f9ca4ddb000 rw-p 00018000 08:05 135289                     /lib/x86_64-linux-gnu/libresolv-2.19.so
7f9ca4ddb000-7f9ca4ddd000 rw-p 00000000 00:00 0 
7f9ca4ddd000-7f9ca4dfd000 r-xp 00000000 08:05 135455                     /lib/x86_64-linux-gnu/libselinux.so.1
7f9ca4dfd000-7f9ca4ffc000 ---p 00020000 08:05 135455                     /lib/x86_64-linux-gnu/libselinux.so.1
7f9ca4ffc000-7f9ca4ffd000 r--p 0001f000 08:05 135455                     /lib/x86_64-linux-gnu/libselinux.so.1
7f9ca4ffd000-7f9ca4ffe000 rw-p 00020000 08:05 135455                     /lib/x86_64-linux-gnu/libselinux.so.1
7f9ca4ffe000-7f9ca5000000 rw-p 00000000 00:00 0 
7f9ca5000000-7f9ca5003000 r-xp 00000000 08:05 4465122                    /usr/lib/x86_64-linux-gnu/libgmodule-2.0.so.0.4002.0
7f9ca5003000-7f9ca5202000 ---p 00003000 08:05 4465122                    /usr/lib/x86_64-linux-gnu/libgmodule-2.0.so.0.4002.0
7f9ca5202000-7f9ca5203000 r--p 00002000 08:05 4465122                    /usr/lib/x86_64-linux-gnu/libgmodule-2.0.so.0.4002.0
7f9ca5203000-7f9ca5204000 rw-p 00003000 08:05 4465122                    /usr/lib/x86_64-linux-gnu/libgmodule-2.0.so.0.4002.0
7f9ca5204000-7f9ca530a000 r-xp 00000000 08:05 135356                     /lib/x86_64-linux-gnu/libglib-2.0.so.0.4002.0
7f9ca530a000-7f9ca5509000 ---p 00106000 08:05 135356                     /lib/x86_64-linux-gnu/libglib-2.0.so.0.4002.0
7f9ca5509000-7f9ca550a000 r--p 00105000 08:05 135356                     /lib/x86_64-linux-gnu/libglib-2.0.so.0.4002.0
7f9ca550a000-7f9ca550b000 rw-p 00106000 08:05 135356                     /lib/x86_64-linux-gnu/libglib-2.0.so.0.4002.0
7f9ca550b000-7f9ca550c000 rw-p 00000000 00:00 0 
7f9ca550c000-7f9ca555b000 r-xp 00000000 08:05 4465138                    /usr/lib/x86_64-linux-gnu/libgobject-2.0.so.0.4002.0
7f9ca555b000-7f9ca575b000 ---p 0004f000 08:05 4465138                    /usr/lib/x86_64-linux-gnu/libgobject-2.0.so.0.4002.0
7f9ca575b000-7f9ca575c000 r--p 0004f000 08:05 4465138                    /usr/lib/x86_64-linux-gnu/libgobject-2.0.so.0.4002.0
7f9ca575c000-7f9ca575d000 rw-p 00050000 08:05 4465138                    /usr/lib/x86_64-linux-gnu/libgobject-2.0.so.0.4002.0
7f9ca575d000-7f9ca58c9000 r-xp 00000000 08:05 4465110                    /usr/lib/x86_64-linux-gnu/libgio-2.0.so.0.4002.0
7f9ca58c9000-7f9ca5ac8000 ---p 0016c000 08:05 4465110                    /usr/lib/x86_64-linux-gnu/libgio-2.0.so.0.4002.0
7f9ca5ac8000-7f9ca5acc000 r--p 0016b000 08:05 4465110                    /usr/lib/x86_64-linux-gnu/libgio-2.0.so.0.4002.0
7f9ca5acc000-7f9ca5ace000 rw-p 0016f000 08:05 4465110                    /usr/lib/x86_64-linux-gnu/libgio-2.0.so.0.4002.0
7f9ca5ace000-7f9ca8000000 rw-p 00000000 00:00 0 
7f9ca8000000-7f9ca8021000 rw-p 00000000 00:00 0 
7f9ca8021000-7f9cac000000 ---p 00000000 00:00 0 
7f9cac000000-7f9cac021000 rw-p 00000000 00:00 0 
7f9cac021000-7f9cb0000000 ---p 00000000 00:00 0 
7f9cb0000000-7f9cb0021000 rw-p 00000000 00:00 0 
7f9cb0021000-7f9cb4000000 ---p 00000000 00:00 0 
7f9cb4092000-7f9cb4095000 ---p 00000000 00:00 0 
7f9cb4095000-7f9cb41c4000 rw-p 00000000 00:00 0                          [stack:6381]
7f9cb41dc000-7f9cb41f3000 r-xp 00000000 08:05 4598265                    /usr/lib/jvm/java-7-openjdk-amd64/jre/lib/amd64/libnet.so
7f9cb41f3000-7f9cb43f2000 ---p 00017000 08:05 4598265                    /usr/lib/jvm/java-7-openjdk-amd64/jre/lib/amd64/libnet.so
7f9cb43f2000-7f9cb43f3000 r--p 00016000 08:05 4598265                    /usr/lib/jvm/java-7-openjdk-amd64/jre/lib/amd64/libnet.so
7f9cb43f3000-7f9cb43f4000 rw-p 00017000 08:05 4598265                    /usr/lib/jvm/java-7-openjdk-amd64/jre/lib/amd64/libnet.so
7f9cb43f4000-7f9cb4404000 r-xp 00000000 08:05 4598286                    /usr/lib/jvm/java-7-openjdk-amd64/jre/lib/amd64/libnio.so
7f9cb4404000-7f9cb4604000 ---p 00010000 08:05 4598286                    /usr/lib/jvm/java-7-openjdk-amd64/jre/lib/amd64/libnio.so
7f9cb4604000-7f9cb4605000 r--p 00010000 08:05 4598286                    /usr/lib/jvm/java-7-openjdk-amd64/jre/lib/amd64/libnio.so
7f9cb4605000-7f9cb4606000 rw-p 00011000 08:05 4598286                    /usr/lib/jvm/java-7-openjdk-amd64/jre/lib/amd64/libnio.so
7f9cb4606000-7f9cb461b000 r--s 000e5000 00:1a 15074337                   /home/shaiban/apps/NDTV/app/build/intermediates/exploded-aar/com.android.support/support-v4/23.1.1/jars/classes.jar
7f9cb461b000-7f9cb461c000 ---p 00000000 00:00 0 
7f9cb461c000-7f9cb471c000 rw-p 00000000 00:00 0                          [stack:6357]
7f9cb471c000-7f9cb471f000 ---p 00000000 00:00 0 
7f9cb471f000-7f9cb481d000 rw-p 00000000 00:00 0                          [stack:6355]
7f9cb481d000-7f9cb4820000 ---p 00000000 00:00 0 
7f9cb4820000-7f9cb491e000 rw-p 00000000 00:00 0                          [stack:6354]
7f9cb491e000-7f9cb5000000 r--p 00000000 08:05 4463641                    /usr/lib/locale/locale-archive
7f9cb5000000-7f9cb5270000 rwxp 00000000 00:00 0 
7f9cb5270000-7f9cb820d000 rw-p 00000000 00:00 0 
7f9cb820d000-7f9cbc000000 ---p 00000000 00:00 0 
7f9cbc002000-7f9cbc011000 r--s 000df000 00:1a 3017084                    /home/shaiban/Android development/Android/Sdk/build-tools/23.0.2/lib/dx.jar
7f9cbc011000-7f9cbc014000 ---p 00000000 00:00 0 
7f9cbc014000-7f9cbc112000 rw-p 00000000 00:00 0                          [stack:6353]
7f9cbc112000-7f9cbc115000 ---p 00000000 00:00 0 
7f9cbc115000-7f9cbc213000 rw-p 00000000 00:00 0                          [stack:6352]
7f9cbc213000-7f9cbc216000 ---p 00000000 00:00 0 
7f9cbc216000-7f9cbc314000 rw-p 00000000 00:00 0                          [stack:6351]
7f9cbc314000-7f9cbc317000 ---p 00000000 00:00 0 
7f9cbc317000-7f9cbc415000 rw-p 00000000 00:00 0                          [stack:6348]
7f9cbc415000-7f9cbc416000 ---p 00000000 00:00 0 
7f9cbc416000-7f9cbd513000 rw-p 00000000 00:00 0                          [stack:6343]
7f9cbd513000-7f9cbd6c4000 r--s 01d30000 08:05 4598299                    /usr/lib/jvm/java-7-openjdk-amd64/jre/lib/rt.jar
7f9cbd6c4000-7f9cbda10000 rw-p 00000000 00:00 0 
7f9cbda10000-7f9cbda11000 ---p 00000000 00:00 0 
7f9cbda11000-7f9cbdb11000 rw-p 00000000 00:00 0                          [stack:6339]
7f9cbdb11000-7f9cbdb12000 ---p 00000000 00:00 0 
7f9cbdb12000-7f9cbdc12000 rw-p 00000000 00:00 0                          [stack:6338]
7f9cbdc12000-7f9cbdc13000 ---p 00000000 00:00 0 
7f9cbdc13000-7f9cbdd13000 rw-p 00000000 00:00 0                          [stack:6337]
7f9cbdd13000-7f9cbdd14000 ---p 00000000 00:00 0 
7f9cbdd14000-7f9cbde1f000 rw-p 00000000 00:00 0                          [stack:6336]
7f9cbde1f000-7f9cbde67000 rw-p 00000000 00:00 0 
7f9cbde67000-7f9cbde7b000 rw-p 00000000 00:00 0 
7f9cbde7b000-7f9cbdfbd000 rw-p 00000000 00:00 0 
7f9cbdfbd000-7f9cbdfc8000 rw-p 00000000 00:00 0 
7f9cbdfc8000-7f9cbe010000 rw-p 00000000 00:00 0 
7f9cbe010000-7f9cbe024000 rw-p 00000000 00:00 0 
7f9cbe024000-7f9cbe165000 rw-p 00000000 00:00 0 
7f9cbe165000-7f9cbe1b5000 rw-p 00000000 00:00 0 
7f9cbe1b5000-7f9cbe210000 rw-p 00000000 00:00 0 
7f9cbe210000-7f9cbe211000 rw-p 00000000 00:00 0 
7f9cbe211000-7f9cbe219000 r-xp 00000000 08:05 4598270                    /usr/lib/jvm/java-7-openjdk-amd64/jre/lib/amd64/libzip.so
7f9cbe219000-7f9cbe418000 ---p 00008000 08:05 4598270                    /usr/lib/jvm/java-7-openjdk-amd64/jre/lib/amd64/libzip.so
7f9cbe418000-7f9cbe419000 r--p 00007000 08:05 4598270                    /usr/lib/jvm/java-7-openjdk-amd64/jre/lib/amd64/libzip.so
7f9cbe419000-7f9cbe41a000 rw-p 00008000 08:05 4598270                    /usr/lib/jvm/java-7-openjdk-amd64/jre/lib/amd64/libzip.so
7f9cbe41a000-7f9cbe425000 r-xp 00000000 08:05 137512                     /lib/x86_64-linux-gnu/libnss_files-2.19.so
7f9cbe425000-7f9cbe624000 ---p 0000b000 08:05 137512                     /lib/x86_64-linux-gnu/libnss_files-2.19.so
7f9cbe624000-7f9cbe625000 r--p 0000a000 08:05 137512                     /lib/x86_64-linux-gnu/libnss_files-2.19.so
7f9cbe625000-7f9cbe626000 rw-p 0000b000 08:05 137512                     /lib/x86_64-linux-gnu/libnss_files-2.19.so
7f9cbe626000-7f9cbe631000 r-xp 00000000 08:05 137504                     /lib/x86_64-linux-gnu/libnss_nis-2.19.so
7f9cbe631000-7f9cbe830000 ---p 0000b000 08:05 137504                     /lib/x86_64-linux-gnu/libnss_nis-2.19.so
7f9cbe830000-7f9cbe831000 r--p 0000a000 08:05 137504                     /lib/x86_64-linux-gnu/libnss_nis-2.19.so
7f9cbe831000-7f9cbe832000 rw-p 0000b000 08:05 137504                     /lib/x86_64-linux-gnu/libnss_nis-2.19.so
7f9cbe832000-7f9cbe849000 r-xp 00000000 08:05 135975                     /lib/x86_64-linux-gnu/libnsl-2.19.so
7f9cbe849000-7f9cbea48000 ---p 00017000 08:05 135975                     /lib/x86_64-linux-gnu/libnsl-2.19.so
7f9cbea48000-7f9cbea49000 r--p 00016000 08:05 135975                     /lib/x86_64-linux-gnu/libnsl-2.19.so
7f9cbea49000-7f9cbea4a000 rw-p 00017000 08:05 135975                     /lib/x86_64-linux-gnu/libnsl-2.19.so
7f9cbea4a000-7f9cbea4c000 rw-p 00000000 00:00 0 
7f9cbea4c000-7f9cbea55000 r-xp 00000000 08:05 135612                     /lib/x86_64-linux-gnu/libnss_compat-2.19.so
7f9cbea55000-7f9cbec54000 ---p 00009000 08:05 135612                     /lib/x86_64-linux-gnu/libnss_compat-2.19.so
7f9cbec54000-7f9cbec55000 r--p 00008000 08:05 135612                     /lib/x86_64-linux-gnu/libnss_compat-2.19.so
7f9cbec55000-7f9cbec56000 rw-p 00009000 08:05 135612                     /lib/x86_64-linux-gnu/libnss_compat-2.19.so
7f9cbec56000-7f9cbec81000 r-xp 00000000 08:05 4598256                    /usr/lib/jvm/java-7-openjdk-amd64/jre/lib/amd64/libjava.so
7f9cbec81000-7f9cbee81000 ---p 0002b000 08:05 4598256                    /usr/lib/jvm/java-7-openjdk-amd64/jre/lib/amd64/libjava.so
7f9cbee81000-7f9cbee82000 r--p 0002b000 08:05 4598256                    /usr/lib/jvm/java-7-openjdk-amd64/jre/lib/amd64/libjava.so
7f9cbee82000-7f9cbee84000 rw-p 0002c000 08:05 4598256                    /usr/lib/jvm/java-7-openjdk-amd64/jre/lib/amd64/libjava.so
7f9cbee84000-7f9cbee94000 r-xp 00000000 08:05 4598257                    /usr/lib/jvm/java-7-openjdk-amd64/jre/lib/amd64/libverify.so
7f9cbee94000-7f9cbf093000 ---p 00010000 08:05 4598257                    /usr/lib/jvm/java-7-openjdk-amd64/jre/lib/amd64/libverify.so
7f9cbf093000-7f9cbf095000 r--p 0000f000 08:05 4598257                    /usr/lib/jvm/java-7-openjdk-amd64/jre/lib/amd64/libverify.so
7f9cbf095000-7f9cbf096000 rw-p 00011000 08:05 4598257                    /usr/lib/jvm/java-7-openjdk-amd64/jre/lib/amd64/libverify.so
7f9cbf096000-7f9cbf09d000 r-xp 00000000 08:05 137508                     /lib/x86_64-linux-gnu/librt-2.19.so
7f9cbf09d000-7f9cbf29c000 ---p 00007000 08:05 137508                     /lib/x86_64-linux-gnu/librt-2.19.so
7f9cbf29c000-7f9cbf29d000 r--p 00006000 08:05 137508                     /lib/x86_64-linux-gnu/librt-2.19.so
7f9cbf29d000-7f9cbf29e000 rw-p 00007000 08:05 137508                     /lib/x86_64-linux-gnu/librt-2.19.so
7f9cbf29e000-7f9cbf2b4000 r-xp 00000000 08:05 135600                     /lib/x86_64-linux-gnu/libgcc_s.so.1
7f9cbf2b4000-7f9cbf4b3000 ---p 00016000 08:05 135600                     /lib/x86_64-linux-gnu/libgcc_s.so.1
7f9cbf4b3000-7f9cbf4b4000 rw-p 00015000 08:05 135600                     /lib/x86_64-linux-gnu/libgcc_s.so.1
7f9cbf4b4000-7f9cbf5b9000 r-xp 00000000 08:05 135353                     /lib/x86_64-linux-gnu/libm-2.19.so
7f9cbf5b9000-7f9cbf7b8000 ---p 00105000 08:05 135353                     /lib/x86_64-linux-gnu/libm-2.19.so
7f9cbf7b8000-7f9cbf7b9000 r--p 00104000 08:05 135353                     /lib/x86_64-linux-gnu/libm-2.19.so
7f9cbf7b9000-7f9cbf7ba000 rw-p 00105000 08:05 135353                     /lib/x86_64-linux-gnu/libm-2.19.so
7f9cbf7ba000-7f9cbf8a0000 r-xp 00000000 08:05 4460713                    /usr/lib/x86_64-linux-gnu/libstdc++.so.6.0.19
7f9cbf8a0000-7f9cbfa9f000 ---p 000e6000 08:05 4460713                    /usr/lib/x86_64-linux-gnu/libstdc++.so.6.0.19
7f9cbfa9f000-7f9cbfaa7000 r--p 000e5000 08:05 4460713                    /usr/lib/x86_64-linux-gnu/libstdc++.so.6.0.19
7f9cbfaa7000-7f9cbfaa9000 rw-p 000ed000 08:05 4460713                    /usr/lib/x86_64-linux-gnu/libstdc++.so.6.0.19
7f9cbfaa9000-7f9cbfabe000 rw-p 00000000 00:00 0 
7f9cbfabe000-7f9cc05e2000 r-xp 00000000 08:05 4598268                    /usr/lib/jvm/java-7-openjdk-amd64/jre/lib/amd64/server/libjvm.so
7f9cc05e2000-7f9cc07e2000 ---p 00b24000 08:05 4598268                    /usr/lib/jvm/java-7-openjdk-amd64/jre/lib/amd64/server/libjvm.so
7f9cc07e2000-7f9cc087c000 r--p 00b24000 08:05 4598268                    /usr/lib/jvm/java-7-openjdk-amd64/jre/lib/amd64/server/libjvm.so
7f9cc087c000-7f9cc089f000 rw-p 00bbe000 08:05 4598268                    /usr/lib/jvm/java-7-openjdk-amd64/jre/lib/amd64/server/libjvm.so
7f9cc089f000-7f9cc08cd000 rw-p 00000000 00:00 0 
7f9cc08cd000-7f9cc08e5000 r-xp 00000000 08:05 135488                     /lib/x86_64-linux-gnu/libz.so.1.2.8
7f9cc08e5000-7f9cc0ae4000 ---p 00018000 08:05 135488                     /lib/x86_64-linux-gnu/libz.so.1.2.8
7f9cc0ae4000-7f9cc0ae5000 r--p 00017000 08:05 135488                     /lib/x86_64-linux-gnu/libz.so.1.2.8
7f9cc0ae5000-7f9cc0ae6000 rw-p 00018000 08:05 135488                     /lib/x86_64-linux-gnu/libz.so.1.2.8
7f9cc0ae6000-7f9cc0aff000 r-xp 00000000 08:05 137111                     /lib/x86_64-linux-gnu/libpthread-2.19.so
7f9cc0aff000-7f9cc0cfe000 ---p 00019000 08:05 137111                     /lib/x86_64-linux-gnu/libpthread-2.19.so
7f9cc0cfe000-7f9cc0cff000 r--p 00018000 08:05 137111                     /lib/x86_64-linux-gnu/libpthread-2.19.so
7f9cc0cff000-7f9cc0d00000 rw-p 00019000 08:05 137111                     /lib/x86_64-linux-gnu/libpthread-2.19.so
7f9cc0d00000-7f9cc0d04000 rw-p 00000000 00:00 0 
7f9cc0d04000-7f9cc0d07000 r-xp 00000000 08:05 135609                     /lib/x86_64-linux-gnu/libdl-2.19.so
7f9cc0d07000-7f9cc0f06000 ---p 00003000 08:05 135609                     /lib/x86_64-linux-gnu/libdl-2.19.so
7f9cc0f06000-7f9cc0f07000 r--p 00002000 08:05 135609                     /lib/x86_64-linux-gnu/libdl-2.19.so
7f9cc0f07000-7f9cc0f08000 rw-p 00003000 08:05 135609                     /lib/x86_64-linux-gnu/libdl-2.19.so
7f9cc0f08000-7f9cc10c3000 r-xp 00000000 08:05 137509                     /lib/x86_64-linux-gnu/libc-2.19.so
7f9cc10c3000-7f9cc12c2000 ---p 001bb000 08:05 137509                     /lib/x86_64-linux-gnu/libc-2.19.so
7f9cc12c2000-7f9cc12c6000 r--p 001ba000 08:05 137509                     /lib/x86_64-linux-gnu/libc-2.19.so
7f9cc12c6000-7f9cc12c8000 rw-p 001be000 08:05 137509                     /lib/x86_64-linux-gnu/libc-2.19.so
7f9cc12c8000-7f9cc12cd000 rw-p 00000000 00:00 0 
7f9cc12cd000-7f9cc12da000 r-xp 00000000 08:05 4598283                    /usr/lib/jvm/java-7-openjdk-amd64/jre/lib/amd64/jli/libjli.so
7f9cc12da000-7f9cc14d9000 ---p 0000d000 08:05 4598283                    /usr/lib/jvm/java-7-openjdk-amd64/jre/lib/amd64/jli/libjli.so
7f9cc14d9000-7f9cc14da000 r--p 0000c000 08:05 4598283                    /usr/lib/jvm/java-7-openjdk-amd64/jre/lib/amd64/jli/libjli.so
7f9cc14da000-7f9cc14db000 rw-p 0000d000 08:05 4598283                    /usr/lib/jvm/java-7-openjdk-amd64/jre/lib/amd64/jli/libjli.so
7f9cc14db000-7f9cc14fe000 r-xp 00000000 08:05 137112                     /lib/x86_64-linux-gnu/ld-2.19.so
7f9cc14fe000-7f9cc14ff000 rw-p 00000000 00:00 0 
7f9cc14ff000-7f9cc1502000 r--s 0000f000 08:05 4598312                    /usr/lib/jvm/java-7-openjdk-amd64/jre/lib/ext/icedtea-sound.jar
7f9cc1502000-7f9cc1504000 r--s 00006000 08:05 4857404                    /usr/share/java/java-atk-wrapper.jar
7f9cc1504000-7f9cc1505000 r--s 00002000 08:05 4598309                    /usr/lib/jvm/java-7-openjdk-amd64/jre/lib/ext/dnsns.jar
7f9cc1505000-7f9cc1527000 rw-p 00000000 00:00 0 
7f9cc1527000-7f9cc15dd000 rw-p 00000000 00:00 0 
7f9cc15dd000-7f9cc15e0000 ---p 00000000 00:00 0 
7f9cc15e0000-7f9cc16e3000 rw-p 00000000 00:00 0                          [stack:6321]
7f9cc16e3000-7f9cc16e7000 r--s 0003c000 08:05 4598314                    /usr/lib/jvm/java-7-openjdk-amd64/jre/lib/ext/sunpkcs11.jar
7f9cc16e7000-7f9cc16eb000 r--s 00085000 08:05 4598313                    /usr/lib/jvm/java-7-openjdk-amd64/jre/lib/ext/localedata.jar
7f9cc16eb000-7f9cc16ed000 r--s 00012000 08:05 4598310                    /usr/lib/jvm/java-7-openjdk-amd64/jre/lib/ext/zipfs.jar
7f9cc16ed000-7f9cc16f1000 r--s 00034000 08:05 4598311                    /usr/lib/jvm/java-7-openjdk-amd64/jre/lib/ext/sunjce_provider.jar
7f9cc16f1000-7f9cc16f9000 rw-s 00000000 08:05 1843304                    /tmp/hsperfdata_shaiban/6302
7f9cc16f9000-7f9cc16fa000 rw-p 00000000 00:00 0 
7f9cc16fa000-7f9cc16fb000 ---p 00000000 00:00 0 
7f9cc16fb000-7f9cc16fd000 rw-p 00000000 00:00 0 
7f9cc16fd000-7f9cc16fe000 r--p 00022000 08:05 137112                     /lib/x86_64-linux-gnu/ld-2.19.so
7f9cc16fe000-7f9cc16ff000 rw-p 00023000 08:05 137112                     /lib/x86_64-linux-gnu/ld-2.19.so
7f9cc16ff000-7f9cc1700000 rw-p 00000000 00:00 0 
7ffc87112000-7ffc87133000 rw-p 00000000 00:00 0                          [stack]
7ffc8719d000-7ffc8719f000 r--p 00000000 00:00 0                          [vvar]
7ffc8719f000-7ffc871a1000 r-xp 00000000 00:00 0                          [vdso]
ffffffffff600000-ffffffffff601000 r-xp 00000000 00:00 0                  [vsyscall]

VM Arguments:
jvm_args: -Xmx1024M -Dfile.encoding=UTF-8 -Duser.country=IN -Duser.language=en -Duser.variant 
java_command: com.android.dx.command.Main --dex --num-threads=4 --output /home/shaiban/apps/NDTV/app/build/intermediates/pre-dexed/debug/classes-7be54d57479cf874d98d5cb7bd7d4a62c76bab50.jar /home/shaiban/apps/NDTV/app/build/intermediates/exploded-aar/com.android.support/support-v4/23.1.1/jars/classes.jar
Launcher Type: SUN_STANDARD

Environment Variables:
PATH=/usr/local/sbin:/usr/local/bin:/usr/sbin:/usr/bin:/sbin:/bin:/usr/games:/usr/local/games
LD_LIBRARY_PATH=/home/shaiban/android-studio/bin:
SHELL=/bin/bash
DISPLAY=:0.0

Signal Handlers:
SIGSEGV: [libjvm.so+0x9548f0], sa_mask[0]=0x7ffbfeff, sa_flags=0x10000004
SIGBUS: [libjvm.so+0x9548f0], sa_mask[0]=0x7ffbfeff, sa_flags=0x10000004
SIGFPE: [libjvm.so+0x7cb0b0], sa_mask[0]=0x7ffbfeff, sa_flags=0x10000004
SIGPIPE: [libjvm.so+0x7cb0b0], sa_mask[0]=0x7ffbfeff, sa_flags=0x10000004
SIGXFSZ: [libjvm.so+0x7cb0b0], sa_mask[0]=0x7ffbfeff, sa_flags=0x10000004
SIGILL: [libjvm.so+0x7cb0b0], sa_mask[0]=0x7ffbfeff, sa_flags=0x10000004
SIGUSR1: SIG_DFL, sa_mask[0]=0x00000000, sa_flags=0x00000000
SIGUSR2: [libjvm.so+0x7caf50], sa_mask[0]=0x00000004, sa_flags=0x10000004
SIGHUP: [libjvm.so+0x7cb130], sa_mask[0]=0x7ffbfeff, sa_flags=0x10000004
SIGINT: [libjvm.so+0x7cb130], sa_mask[0]=0x7ffbfeff, sa_flags=0x10000004
SIGTERM: [libjvm.so+0x7cb130], sa_mask[0]=0x7ffbfeff, sa_flags=0x10000004
SIGQUIT: [libjvm.so+0x7cb130], sa_mask[0]=0x7ffbfeff, sa_flags=0x10000004
SIGTRAP: SIG_DFL, sa_mask[0]=0x00000000, sa_flags=0x00000000


---------------  S Y S T E M  ---------------

OS:Ubuntu 14.04 (trusty)
uname:Linux 3.19.0-58-generic #64~14.04.1-Ubuntu SMP Fri Mar 18 19:05:43 UTC 2016 x86_64
libc:glibc 2.19 NPTL 2.19 
rlimit: STACK 8192k, CORE 0k, NPROC 15370, NOFILE 4096, AS infinity
load average:10.81 3.53 1.70

/proc/meminfo:
MemTotal:        3965388 kB
MemFree:          188696 kB
MemAvailable:     151380 kB
Buffers:            1432 kB
Cached:           113796 kB
SwapCached:            0 kB
Active:          3506888 kB
Inactive:          86980 kB
Active(anon):    3503084 kB
Inactive(anon):    50820 kB
Active(file):       3804 kB
Inactive(file):    36160 kB
Unevictable:          32 kB
Mlocked:              32 kB
SwapTotal:             0 kB
SwapFree:              0 kB
Dirty:               204 kB
Writeback:             0 kB
AnonPages:       3478744 kB
Mapped:            80476 kB
Shmem:             75400 kB
Slab:             103976 kB
SReclaimable:      54324 kB
SUnreclaim:        49652 kB
KernelStack:        9312 kB
PageTables:        32344 kB
NFS_Unstable:          0 kB
Bounce:                0 kB
WritebackTmp:          0 kB
CommitLimit:     1982692 kB
Committed_AS:    6376432 kB
VmallocTotal:   34359738367 kB
VmallocUsed:      551368 kB
VmallocChunk:   34359177692 kB
HardwareCorrupted:     0 kB
AnonHugePages:   1673216 kB
CmaTotal:              0 kB
CmaFree:               0 kB
HugePages_Total:       0
HugePages_Free:        0
HugePages_Rsvd:        0
HugePages_Surp:        0
Hugepagesize:       2048 kB
DirectMap4k:      129600 kB
DirectMap2M:     3983360 kB
DirectMap1G:     1048576 kB


CPU:total 4 (2 cores per cpu, 2 threads per core) family 6 model 61 stepping 4, cmov, cx8, fxsr, mmx, sse, sse2, sse3, ssse3, sse4.1, sse4.2, popcnt, avx, avx2, aes, erms, ht, tsc, tscinvbit

/proc/cpuinfo:
processor	: 0
vendor_id	: GenuineIntel
cpu family	: 6
model		: 61
model name	: Intel(R) Core(TM) i5-5200U CPU @ 2.20GHz
stepping	: 4
microcode	: 0x1d
cpu MHz		: 2499.921
cache size	: 3072 KB
physical id	: 0
siblings	: 4
core id		: 0
cpu cores	: 2
apicid		: 0
initial apicid	: 0
fpu		: yes
fpu_exception	: yes
cpuid level	: 20
wp		: yes
flags		: fpu vme de pse tsc msr pae mce cx8 apic sep mtrr pge mca cmov pat pse36 clflush dts acpi mmx fxsr sse sse2 ss ht tm pbe syscall nx pdpe1gb rdtscp lm constant_tsc arch_perfmon pebs bts rep_good nopl xtopology nonstop_tsc aperfmperf eagerfpu pni pclmulqdq dtes64 monitor ds_cpl vmx est tm2 ssse3 fma cx16 xtpr pdcm pcid sse4_1 sse4_2 x2apic movbe popcnt tsc_deadline_timer aes xsave avx f16c rdrand lahf_lm abm 3dnowprefetch ida arat epb pln pts dtherm tpr_shadow vnmi flexpriority ept vpid fsgsbase tsc_adjust bmi1 avx2 smep bmi2 erms invpcid rdseed adx smap xsaveopt
bugs		:
bogomips	: 4389.91
clflush size	: 64
cache_alignment	: 64
address sizes	: 39 bits physical, 48 bits virtual
power management:

processor	: 1
vendor_id	: GenuineIntel
cpu family	: 6
model		: 61
model name	: Intel(R) Core(TM) i5-5200U CPU @ 2.20GHz
stepping	: 4
microcode	: 0x1d
cpu MHz		: 2499.921
cache size	: 3072 KB
physical id	: 0
siblings	: 4
core id		: 1
cpu cores	: 2
apicid		: 2
initial apicid	: 2
fpu		: yes
fpu_exception	: yes
cpuid level	: 20
wp		: yes
flags		: fpu vme de pse tsc msr pae mce cx8 apic sep mtrr pge mca cmov pat pse36 clflush dts acpi mmx fxsr sse sse2 ss ht tm pbe syscall nx pdpe1gb rdtscp lm constant_tsc arch_perfmon pebs bts rep_good nopl xtopology nonstop_tsc aperfmperf eagerfpu pni pclmulqdq dtes64 monitor ds_cpl vmx est tm2 ssse3 fma cx16 xtpr pdcm pcid sse4_1 sse4_2 x2apic movbe popcnt tsc_deadline_timer aes xsave avx f16c rdrand lahf_lm abm 3dnowprefetch ida arat epb pln pts dtherm tpr_shadow vnmi flexpriority ept vpid fsgsbase tsc_adjust bmi1 avx2 smep bmi2 erms invpcid rdseed adx smap xsaveopt
bugs		:
bogomips	: 4389.91
clflush size	: 64
cache_alignment	: 64
address sizes	: 39 bits physical, 48 bits virtual
power management:

processor	: 2
vendor_id	: GenuineIntel
cpu family	: 6
model		: 61
model name	: Intel(R) Core(TM) i5-5200U CPU @ 2.20GHz
stepping	: 4
microcode	: 0x1d
cpu MHz		: 2499.921
cache size	: 3072 KB
physical id	: 0
siblings	: 4
core id		: 0
cpu cores	: 2
apicid		: 1
initial apicid	: 1
fpu		: yes
fpu_exception	: yes
cpuid level	: 20
wp		: yes
flags		: fpu vme de pse tsc msr pae mce cx8 apic sep mtrr pge mca cmov pat pse36 clflush dts acpi mmx fxsr sse sse2 ss ht tm pbe syscall nx pdpe1gb rdtscp lm constant_tsc arch_perfmon pebs bts rep_good nopl xtopology nonstop_tsc aperfmperf eagerfpu pni pclmulqdq dtes64 monitor ds_cpl vmx est tm2 ssse3 fma cx16 xtpr pdcm pcid sse4_1 sse4_2 x2apic movbe popcnt tsc_deadline_timer aes xsave avx f16c rdrand lahf_lm abm 3dnowprefetch ida arat epb pln pts dtherm tpr_shadow vnmi flexpriority ept vpid fsgsbase tsc_adjust bmi1 avx2 smep bmi2 erms invpcid rdseed adx smap xsaveopt
bugs		:
bogomips	: 4389.91
clflush size	: 64
cache_alignment	: 64
address sizes	: 39 bits physical, 48 bits virtual
power management:

processor	: 3
vendor_id	: GenuineIntel
cpu family	: 6
model		: 61
model name	: Intel(R) Core(TM) i5-5200U CPU @ 2.20GHz
stepping	: 4
microcode	: 0x1d
cpu MHz		: 2499.921
cache size	: 3072 KB
physical id	: 0
siblings	: 4
core id		: 1
cpu cores	: 2
apicid		: 3
initial apicid	: 3
fpu		: yes
fpu_exception	: yes
cpuid level	: 20
wp		: yes
flags		: fpu vme de pse tsc msr pae mce cx8 apic sep mtrr pge mca cmov pat pse36 clflush dts acpi mmx fxsr sse sse2 ss ht tm pbe syscall nx pdpe1gb rdtscp lm constant_tsc arch_perfmon pebs bts rep_good nopl xtopology nonstop_tsc aperfmperf eagerfpu pni pclmulqdq dtes64 monitor ds_cpl vmx est tm2 ssse3 fma cx16 xtpr pdcm pcid sse4_1 sse4_2 x2apic movbe popcnt tsc_deadline_timer aes xsave avx f16c rdrand lahf_lm abm 3dnowprefetch ida arat epb pln pts dtherm tpr_shadow vnmi flexpriority ept vpid fsgsbase tsc_adjust bmi1 avx2 smep bmi2 erms invpcid rdseed adx smap xsaveopt
bugs		:
bogomips	: 4389.91
clflush size	: 64
cache_alignment	: 64
address sizes	: 39 bits physical, 48 bits virtual
power management:



Memory: 4k page, physical 3965388k(188696k free), swap 0k(0k free)

vm_info: OpenJDK 64-Bit Server VM (24.95-b01) for linux-amd64 JRE (1.7.0_95-b00), built on Mar 24 2016 06:13:32 by "buildd" with gcc 4.8.2

time: Wed Apr  6 22:57:10 2016
elapsed time: 33 seconds

